[0.064s] Invoking command in '/home/xavier/ExoMy_Software/build/exomy_msgs': CMAKE_PREFIX_PATH=${CMAKE_PREFIX_PATH}:/home/xavier/sensor_msgs_py/install/sensor_msgs_py:/home/xavier/ExoMy_Software/install/exomy:/opt/ros/foxy /usr/bin/cmake --build /home/xavier/ExoMy_Software/build/exomy_msgs -- -j8 -l8
[0.248s] [  2%] Built target exomy_msgs__cpp
[0.254s] [ 12%] Built target exomy_msgs__rosidl_generator_c
[0.332s] [ 23%] Built target exomy_msgs__rosidl_typesupport_introspection_cpp
[0.340s] [ 34%] Built target exomy_msgs__rosidl_typesupport_cpp
[0.343s] [ 44%] Built target exomy_msgs__rosidl_typesupport_c
[0.346s] [ 55%] Built target exomy_msgs__rosidl_typesupport_fastrtps_cpp
[0.413s] [ 65%] Built target exomy_msgs__rosidl_typesupport_introspection_c
[0.435s] [ 76%] Built target exomy_msgs__rosidl_typesupport_fastrtps_c
[0.505s] [ 76%] Built target exomy_msgs
[0.576s] [ 78%] Built target exomy_msgs__py
[0.666s] [ 87%] Built target exomy_msgs__python
[0.759s] [ 91%] Built target exomy_msgs__rosidl_typesupport_fastrtps_c__pyext
[0.761s] [ 95%] Built target exomy_msgs__rosidl_typesupport_introspection_c__pyext
[0.762s] [100%] Built target exomy_msgs__rosidl_typesupport_c__pyext
[0.811s] Invoked command in '/home/xavier/ExoMy_Software/build/exomy_msgs' returned '0': CMAKE_PREFIX_PATH=${CMAKE_PREFIX_PATH}:/home/xavier/sensor_msgs_py/install/sensor_msgs_py:/home/xavier/ExoMy_Software/install/exomy:/opt/ros/foxy /usr/bin/cmake --build /home/xavier/ExoMy_Software/build/exomy_msgs -- -j8 -l8
[1.123s] Invoking command in '/home/xavier/ExoMy_Software/build/exomy_msgs': CMAKE_PREFIX_PATH=${CMAKE_PREFIX_PATH}:/home/xavier/sensor_msgs_py/install/sensor_msgs_py:/home/xavier/ExoMy_Software/install/exomy:/opt/ros/foxy /usr/bin/cmake --install /home/xavier/ExoMy_Software/build/exomy_msgs
[1.155s] -- Install configuration: ""
[1.155s] -- Up-to-date: /home/xavier/ExoMy_Software/install/exomy_msgs/share/ament_index/resource_index/rosidl_interfaces/exomy_msgs
[1.156s] -- Up-to-date: /home/xavier/ExoMy_Software/install/exomy_msgs/include/exomy_msgs
[1.156s] -- Up-to-date: /home/xavier/ExoMy_Software/install/exomy_msgs/include/exomy_msgs/msg
[1.157s] -- Up-to-date: /home/xavier/ExoMy_Software/install/exomy_msgs/include/exomy_msgs/msg/rosidl_generator_c__visibility_control.h
[1.157s] -- Up-to-date: /home/xavier/ExoMy_Software/install/exomy_msgs/include/exomy_msgs/msg/motor_commands.h
[1.158s] -- Up-to-date: /home/xavier/ExoMy_Software/install/exomy_msgs/include/exomy_msgs/msg/camera_data.h
[1.158s] -- Up-to-date: /home/xavier/ExoMy_Software/install/exomy_msgs/include/exomy_msgs/msg/detail
[1.158s] -- Up-to-date: /home/xavier/ExoMy_Software/install/exomy_msgs/include/exomy_msgs/msg/detail/camera_data__functions.c
[1.159s] -- Up-to-date: /home/xavier/ExoMy_Software/install/exomy_msgs/include/exomy_msgs/msg/detail/actions__struct.h
[1.159s] -- Up-to-date: /home/xavier/ExoMy_Software/install/exomy_msgs/include/exomy_msgs/msg/detail/actions__type_support.h
[1.159s] -- Up-to-date: /home/xavier/ExoMy_Software/install/exomy_msgs/include/exomy_msgs/msg/detail/camera_data__functions.h
[1.160s] -- Up-to-date: /home/xavier/ExoMy_Software/install/exomy_msgs/include/exomy_msgs/msg/detail/actions__functions.h
[1.160s] -- Up-to-date: /home/xavier/ExoMy_Software/install/exomy_msgs/include/exomy_msgs/msg/detail/motor_commands__struct.h
[1.161s] -- Up-to-date: /home/xavier/ExoMy_Software/install/exomy_msgs/include/exomy_msgs/msg/detail/actions__functions.c
[1.161s] -- Up-to-date: /home/xavier/ExoMy_Software/install/exomy_msgs/include/exomy_msgs/msg/detail/motor_commands__type_support.h
[1.162s] -- Up-to-date: /home/xavier/ExoMy_Software/install/exomy_msgs/include/exomy_msgs/msg/detail/motor_commands__functions.h
[1.162s] -- Up-to-date: /home/xavier/ExoMy_Software/install/exomy_msgs/include/exomy_msgs/msg/detail/camera_data__type_support.h
[1.162s] -- Up-to-date: /home/xavier/ExoMy_Software/install/exomy_msgs/include/exomy_msgs/msg/detail/motor_commands__functions.c
[1.163s] -- Up-to-date: /home/xavier/ExoMy_Software/install/exomy_msgs/include/exomy_msgs/msg/detail/camera_data__struct.h
[1.163s] -- Up-to-date: /home/xavier/ExoMy_Software/install/exomy_msgs/include/exomy_msgs/msg/actions.h
[1.163s] -- Up-to-date: /home/xavier/ExoMy_Software/install/exomy_msgs/share/exomy_msgs/environment/library_path.sh
[1.164s] -- Up-to-date: /home/xavier/ExoMy_Software/install/exomy_msgs/share/exomy_msgs/environment/library_path.dsv
[1.164s] -- Up-to-date: /home/xavier/ExoMy_Software/install/exomy_msgs/lib/libexomy_msgs__rosidl_generator_c.so
[1.164s] -- Up-to-date: /home/xavier/ExoMy_Software/install/exomy_msgs/include/exomy_msgs
[1.165s] -- Up-to-date: /home/xavier/ExoMy_Software/install/exomy_msgs/include/exomy_msgs/msg
[1.165s] -- Up-to-date: /home/xavier/ExoMy_Software/install/exomy_msgs/include/exomy_msgs/msg/rosidl_typesupport_fastrtps_c__visibility_control.h
[1.165s] -- Up-to-date: /home/xavier/ExoMy_Software/install/exomy_msgs/include/exomy_msgs/msg/detail
[1.166s] -- Up-to-date: /home/xavier/ExoMy_Software/install/exomy_msgs/include/exomy_msgs/msg/detail/camera_data__rosidl_typesupport_fastrtps_c.h
[1.166s] -- Up-to-date: /home/xavier/ExoMy_Software/install/exomy_msgs/include/exomy_msgs/msg/detail/motor_commands__rosidl_typesupport_fastrtps_c.h
[1.167s] -- Up-to-date: /home/xavier/ExoMy_Software/install/exomy_msgs/include/exomy_msgs/msg/detail/actions__rosidl_typesupport_fastrtps_c.h
[1.167s] -- Up-to-date: /home/xavier/ExoMy_Software/install/exomy_msgs/lib/libexomy_msgs__rosidl_typesupport_fastrtps_c.so
[1.167s] -- Up-to-date: /home/xavier/ExoMy_Software/install/exomy_msgs/include/exomy_msgs
[1.167s] -- Up-to-date: /home/xavier/ExoMy_Software/install/exomy_msgs/include/exomy_msgs/msg
[1.168s] -- Up-to-date: /home/xavier/ExoMy_Software/install/exomy_msgs/include/exomy_msgs/msg/detail
[1.168s] -- Up-to-date: /home/xavier/ExoMy_Software/install/exomy_msgs/include/exomy_msgs/msg/detail/dds_fastrtps
[1.169s] -- Up-to-date: /home/xavier/ExoMy_Software/install/exomy_msgs/include/exomy_msgs/msg/detail/motor_commands__rosidl_typesupport_fastrtps_cpp.hpp
[1.169s] -- Up-to-date: /home/xavier/ExoMy_Software/install/exomy_msgs/include/exomy_msgs/msg/detail/camera_data__rosidl_typesupport_fastrtps_cpp.hpp
[1.169s] -- Up-to-date: /home/xavier/ExoMy_Software/install/exomy_msgs/include/exomy_msgs/msg/detail/actions__rosidl_typesupport_fastrtps_cpp.hpp
[1.169s] -- Up-to-date: /home/xavier/ExoMy_Software/install/exomy_msgs/include/exomy_msgs/msg/rosidl_typesupport_fastrtps_cpp__visibility_control.h
[1.170s] -- Up-to-date: /home/xavier/ExoMy_Software/install/exomy_msgs/lib/libexomy_msgs__rosidl_typesupport_fastrtps_cpp.so
[1.170s] -- Up-to-date: /home/xavier/ExoMy_Software/install/exomy_msgs/include/exomy_msgs
[1.170s] -- Up-to-date: /home/xavier/ExoMy_Software/install/exomy_msgs/include/exomy_msgs/msg
[1.171s] -- Up-to-date: /home/xavier/ExoMy_Software/install/exomy_msgs/include/exomy_msgs/msg/rosidl_typesupport_introspection_c__visibility_control.h
[1.171s] -- Up-to-date: /home/xavier/ExoMy_Software/install/exomy_msgs/include/exomy_msgs/msg/detail
[1.172s] -- Up-to-date: /home/xavier/ExoMy_Software/install/exomy_msgs/include/exomy_msgs/msg/detail/actions__rosidl_typesupport_introspection_c.h
[1.173s] -- Up-to-date: /home/xavier/ExoMy_Software/install/exomy_msgs/include/exomy_msgs/msg/detail/motor_commands__rosidl_typesupport_introspection_c.h
[1.173s] -- Up-to-date: /home/xavier/ExoMy_Software/install/exomy_msgs/include/exomy_msgs/msg/detail/actions__type_support.c
[1.173s] -- Up-to-date: /home/xavier/ExoMy_Software/install/exomy_msgs/include/exomy_msgs/msg/detail/camera_data__type_support.c
[1.173s] -- Up-to-date: /home/xavier/ExoMy_Software/install/exomy_msgs/include/exomy_msgs/msg/detail/motor_commands__type_support.c
[1.174s] -- Up-to-date: /home/xavier/ExoMy_Software/install/exomy_msgs/include/exomy_msgs/msg/detail/camera_data__rosidl_typesupport_introspection_c.h
[1.174s] -- Up-to-date: /home/xavier/ExoMy_Software/install/exomy_msgs/lib/libexomy_msgs__rosidl_typesupport_introspection_c.so
[1.174s] -- Up-to-date: /home/xavier/ExoMy_Software/install/exomy_msgs/lib/libexomy_msgs__rosidl_typesupport_c.so
[1.175s] -- Up-to-date: /home/xavier/ExoMy_Software/install/exomy_msgs/include/exomy_msgs
[1.175s] -- Up-to-date: /home/xavier/ExoMy_Software/install/exomy_msgs/include/exomy_msgs/msg
[1.175s] -- Up-to-date: /home/xavier/ExoMy_Software/install/exomy_msgs/include/exomy_msgs/msg/camera_data.hpp
[1.175s] -- Up-to-date: /home/xavier/ExoMy_Software/install/exomy_msgs/include/exomy_msgs/msg/detail
[1.176s] -- Up-to-date: /home/xavier/ExoMy_Software/install/exomy_msgs/include/exomy_msgs/msg/detail/camera_data__struct.hpp
[1.177s] -- Up-to-date: /home/xavier/ExoMy_Software/install/exomy_msgs/include/exomy_msgs/msg/detail/motor_commands__struct.hpp
[1.177s] -- Up-to-date: /home/xavier/ExoMy_Software/install/exomy_msgs/include/exomy_msgs/msg/detail/camera_data__traits.hpp
[1.177s] -- Up-to-date: /home/xavier/ExoMy_Software/install/exomy_msgs/include/exomy_msgs/msg/detail/actions__builder.hpp
[1.178s] -- Up-to-date: /home/xavier/ExoMy_Software/install/exomy_msgs/include/exomy_msgs/msg/detail/camera_data__builder.hpp
[1.178s] -- Up-to-date: /home/xavier/ExoMy_Software/install/exomy_msgs/include/exomy_msgs/msg/detail/actions__traits.hpp
[1.178s] -- Up-to-date: /home/xavier/ExoMy_Software/install/exomy_msgs/include/exomy_msgs/msg/detail/actions__struct.hpp
[1.178s] -- Up-to-date: /home/xavier/ExoMy_Software/install/exomy_msgs/include/exomy_msgs/msg/detail/motor_commands__builder.hpp
[1.179s] -- Up-to-date: /home/xavier/ExoMy_Software/install/exomy_msgs/include/exomy_msgs/msg/detail/motor_commands__traits.hpp
[1.179s] -- Up-to-date: /home/xavier/ExoMy_Software/install/exomy_msgs/include/exomy_msgs/msg/actions.hpp
[1.179s] -- Up-to-date: /home/xavier/ExoMy_Software/install/exomy_msgs/include/exomy_msgs/msg/motor_commands.hpp
[1.179s] -- Up-to-date: /home/xavier/ExoMy_Software/install/exomy_msgs/include/exomy_msgs
[1.180s] -- Up-to-date: /home/xavier/ExoMy_Software/install/exomy_msgs/include/exomy_msgs/msg
[1.180s] -- Up-to-date: /home/xavier/ExoMy_Software/install/exomy_msgs/include/exomy_msgs/msg/detail
[1.180s] -- Up-to-date: /home/xavier/ExoMy_Software/install/exomy_msgs/include/exomy_msgs/msg/detail/camera_data__type_support.cpp
[1.181s] -- Up-to-date: /home/xavier/ExoMy_Software/install/exomy_msgs/include/exomy_msgs/msg/detail/actions__rosidl_typesupport_introspection_cpp.hpp
[1.181s] -- Up-to-date: /home/xavier/ExoMy_Software/install/exomy_msgs/include/exomy_msgs/msg/detail/actions__type_support.cpp
[1.181s] -- Up-to-date: /home/xavier/ExoMy_Software/install/exomy_msgs/include/exomy_msgs/msg/detail/camera_data__rosidl_typesupport_introspection_cpp.hpp
[1.181s] -- Up-to-date: /home/xavier/ExoMy_Software/install/exomy_msgs/include/exomy_msgs/msg/detail/motor_commands__rosidl_typesupport_introspection_cpp.hpp
[1.182s] -- Up-to-date: /home/xavier/ExoMy_Software/install/exomy_msgs/include/exomy_msgs/msg/detail/motor_commands__type_support.cpp
[1.182s] -- Up-to-date: /home/xavier/ExoMy_Software/install/exomy_msgs/lib/libexomy_msgs__rosidl_typesupport_introspection_cpp.so
[1.182s] -- Up-to-date: /home/xavier/ExoMy_Software/install/exomy_msgs/lib/libexomy_msgs__rosidl_typesupport_cpp.so
[1.182s] -- Up-to-date: /home/xavier/ExoMy_Software/install/exomy_msgs/share/exomy_msgs/environment/pythonpath.sh
[1.183s] -- Up-to-date: /home/xavier/ExoMy_Software/install/exomy_msgs/share/exomy_msgs/environment/pythonpath.dsv
[1.183s] -- Up-to-date: /home/xavier/ExoMy_Software/install/exomy_msgs/lib/python3.8/site-packages/exomy_msgs/__init__.py
[1.483s] -- Up-to-date: /home/xavier/ExoMy_Software/install/exomy_msgs/lib/python3.8/site-packages/exomy_msgs/msg
[1.484s] -- Up-to-date: /home/xavier/ExoMy_Software/install/exomy_msgs/lib/python3.8/site-packages/exomy_msgs/msg/_motor_commands.py
[1.484s] -- Up-to-date: /home/xavier/ExoMy_Software/install/exomy_msgs/lib/python3.8/site-packages/exomy_msgs/msg/_actions.py
[1.484s] -- Up-to-date: /home/xavier/ExoMy_Software/install/exomy_msgs/lib/python3.8/site-packages/exomy_msgs/msg/__init__.py
[1.485s] -- Up-to-date: /home/xavier/ExoMy_Software/install/exomy_msgs/lib/python3.8/site-packages/exomy_msgs/msg/_actions_s.c
[1.485s] -- Up-to-date: /home/xavier/ExoMy_Software/install/exomy_msgs/lib/python3.8/site-packages/exomy_msgs/msg/_camera_data.py
[1.486s] -- Up-to-date: /home/xavier/ExoMy_Software/install/exomy_msgs/lib/python3.8/site-packages/exomy_msgs/msg/_camera_data_s.c
[1.486s] -- Up-to-date: /home/xavier/ExoMy_Software/install/exomy_msgs/lib/python3.8/site-packages/exomy_msgs/msg/_motor_commands_s.c
[1.487s] -- Up-to-date: /home/xavier/ExoMy_Software/install/exomy_msgs/lib/python3.8/site-packages/exomy_msgs/exomy_msgs_s__rosidl_typesupport_fastrtps_c.cpython-38-aarch64-linux-gnu.so
[1.489s] -- Up-to-date: /home/xavier/ExoMy_Software/install/exomy_msgs/lib/python3.8/site-packages/exomy_msgs/exomy_msgs_s__rosidl_typesupport_introspection_c.cpython-38-aarch64-linux-gnu.so
[1.492s] -- Up-to-date: /home/xavier/ExoMy_Software/install/exomy_msgs/lib/python3.8/site-packages/exomy_msgs/exomy_msgs_s__rosidl_typesupport_c.cpython-38-aarch64-linux-gnu.so
[1.503s] -- Up-to-date: /home/xavier/ExoMy_Software/install/exomy_msgs/lib/libexomy_msgs__python.so
[1.504s] -- Up-to-date: /home/xavier/ExoMy_Software/install/exomy_msgs/share/exomy_msgs/msg/Actions.idl
[1.505s] -- Up-to-date: /home/xavier/ExoMy_Software/install/exomy_msgs/share/exomy_msgs/msg/CameraData.idl
[1.506s] -- Up-to-date: /home/xavier/ExoMy_Software/install/exomy_msgs/share/exomy_msgs/msg/MotorCommands.idl
[1.506s] -- Up-to-date: /home/xavier/ExoMy_Software/install/exomy_msgs/share/exomy_msgs/msg/Actions.msg
[1.507s] -- Up-to-date: /home/xavier/ExoMy_Software/install/exomy_msgs/share/exomy_msgs/msg/CameraData.msg
[1.507s] -- Up-to-date: /home/xavier/ExoMy_Software/install/exomy_msgs/share/exomy_msgs/msg/MotorCommands.msg
[1.508s] -- Up-to-date: /home/xavier/ExoMy_Software/install/exomy_msgs/share/ament_index/resource_index/package_run_dependencies/exomy_msgs
[1.508s] -- Up-to-date: /home/xavier/ExoMy_Software/install/exomy_msgs/share/ament_index/resource_index/parent_prefix_path/exomy_msgs
[1.509s] -- Up-to-date: /home/xavier/ExoMy_Software/install/exomy_msgs/share/exomy_msgs/environment/ament_prefix_path.sh
[1.509s] -- Up-to-date: /home/xavier/ExoMy_Software/install/exomy_msgs/share/exomy_msgs/environment/ament_prefix_path.dsv
[1.510s] -- Up-to-date: /home/xavier/ExoMy_Software/install/exomy_msgs/share/exomy_msgs/environment/path.sh
[1.511s] -- Up-to-date: /home/xavier/ExoMy_Software/install/exomy_msgs/share/exomy_msgs/environment/path.dsv
[1.511s] -- Up-to-date: /home/xavier/ExoMy_Software/install/exomy_msgs/share/exomy_msgs/local_setup.bash
[1.512s] -- Up-to-date: /home/xavier/ExoMy_Software/install/exomy_msgs/share/exomy_msgs/local_setup.sh
[1.512s] -- Up-to-date: /home/xavier/ExoMy_Software/install/exomy_msgs/share/exomy_msgs/local_setup.zsh
[1.513s] -- Up-to-date: /home/xavier/ExoMy_Software/install/exomy_msgs/share/exomy_msgs/local_setup.dsv
[1.513s] -- Installing: /home/xavier/ExoMy_Software/install/exomy_msgs/share/exomy_msgs/package.dsv
[1.514s] -- Up-to-date: /home/xavier/ExoMy_Software/install/exomy_msgs/share/ament_index/resource_index/packages/exomy_msgs
[1.515s] -- Up-to-date: /home/xavier/ExoMy_Software/install/exomy_msgs/share/exomy_msgs/cmake/exomy_msgs__rosidl_generator_cExport.cmake
[1.516s] -- Up-to-date: /home/xavier/ExoMy_Software/install/exomy_msgs/share/exomy_msgs/cmake/exomy_msgs__rosidl_generator_cExport-noconfig.cmake
[1.516s] -- Up-to-date: /home/xavier/ExoMy_Software/install/exomy_msgs/share/exomy_msgs/cmake/exomy_msgs__rosidl_typesupport_introspection_cExport.cmake
[1.517s] -- Up-to-date: /home/xavier/ExoMy_Software/install/exomy_msgs/share/exomy_msgs/cmake/exomy_msgs__rosidl_typesupport_introspection_cExport-noconfig.cmake
[1.517s] -- Up-to-date: /home/xavier/ExoMy_Software/install/exomy_msgs/share/exomy_msgs/cmake/exomy_msgs__rosidl_typesupport_cExport.cmake
[1.518s] -- Up-to-date: /home/xavier/ExoMy_Software/install/exomy_msgs/share/exomy_msgs/cmake/exomy_msgs__rosidl_typesupport_cExport-noconfig.cmake
[1.518s] -- Up-to-date: /home/xavier/ExoMy_Software/install/exomy_msgs/share/exomy_msgs/cmake/exomy_msgs__rosidl_generator_cppExport.cmake
[1.518s] -- Up-to-date: /home/xavier/ExoMy_Software/install/exomy_msgs/share/exomy_msgs/cmake/exomy_msgs__rosidl_typesupport_introspection_cppExport.cmake
[1.519s] -- Up-to-date: /home/xavier/ExoMy_Software/install/exomy_msgs/share/exomy_msgs/cmake/exomy_msgs__rosidl_typesupport_introspection_cppExport-noconfig.cmake
[1.519s] -- Up-to-date: /home/xavier/ExoMy_Software/install/exomy_msgs/share/exomy_msgs/cmake/exomy_msgs__rosidl_typesupport_cppExport.cmake
[1.520s] -- Up-to-date: /home/xavier/ExoMy_Software/install/exomy_msgs/share/exomy_msgs/cmake/exomy_msgs__rosidl_typesupport_cppExport-noconfig.cmake
[1.520s] -- Up-to-date: /home/xavier/ExoMy_Software/install/exomy_msgs/share/exomy_msgs/cmake/rosidl_cmake-extras.cmake
[1.520s] -- Up-to-date: /home/xavier/ExoMy_Software/install/exomy_msgs/share/exomy_msgs/cmake/ament_cmake_export_dependencies-extras.cmake
[1.521s] -- Up-to-date: /home/xavier/ExoMy_Software/install/exomy_msgs/share/exomy_msgs/cmake/ament_cmake_export_libraries-extras.cmake
[1.521s] -- Up-to-date: /home/xavier/ExoMy_Software/install/exomy_msgs/share/exomy_msgs/cmake/ament_cmake_export_targets-extras.cmake
[1.521s] -- Up-to-date: /home/xavier/ExoMy_Software/install/exomy_msgs/share/exomy_msgs/cmake/ament_cmake_export_include_directories-extras.cmake
[1.521s] -- Up-to-date: /home/xavier/ExoMy_Software/install/exomy_msgs/share/exomy_msgs/cmake/rosidl_cmake_export_typesupport_libraries-extras.cmake
[1.524s] -- Up-to-date: /home/xavier/ExoMy_Software/install/exomy_msgs/share/exomy_msgs/cmake/rosidl_cmake_export_typesupport_targets-extras.cmake
[1.529s] -- Up-to-date: /home/xavier/ExoMy_Software/install/exomy_msgs/share/exomy_msgs/cmake/exomy_msgsConfig.cmake
[1.529s] -- Up-to-date: /home/xavier/ExoMy_Software/install/exomy_msgs/share/exomy_msgs/cmake/exomy_msgsConfig-version.cmake
[1.530s] -- Up-to-date: /home/xavier/ExoMy_Software/install/exomy_msgs/share/exomy_msgs/package.xml
[1.535s] Invoked command in '/home/xavier/ExoMy_Software/build/exomy_msgs' returned '0': CMAKE_PREFIX_PATH=${CMAKE_PREFIX_PATH}:/home/xavier/sensor_msgs_py/install/sensor_msgs_py:/home/xavier/ExoMy_Software/install/exomy:/opt/ros/foxy /usr/bin/cmake --install /home/xavier/ExoMy_Software/build/exomy_msgs
