[0.821s] DEBUG:colcon:Command line arguments: ['/usr/bin/colcon', 'build']
[0.822s] DEBUG:colcon:Parsed command line arguments: Namespace(allow_overriding=[], ament_cmake_args=None, base_paths=['.'], build_base='build', catkin_cmake_args=None, catkin_skip_building_tests=False, cmake_args=None, cmake_clean_cache=False, cmake_clean_first=False, cmake_force_configure=False, cmake_target=None, cmake_target_skip_unavailable=False, continue_on_error=False, event_handlers=None, executor='parallel', ignore_user_meta=False, install_base='install', log_base=None, log_level=None, main=<bound method BuildVerb.main of <colcon_core.verb.build.BuildVerb object at 0xffff93125bb0>>, merge_install=False, metas=['./colcon.meta'], packages_above=None, packages_above_and_dependencies=None, packages_above_depth=None, packages_end=None, packages_ignore=None, packages_ignore_regex=None, packages_select=None, packages_select_build_failed=False, packages_select_by_dep=None, packages_select_regex=None, packages_select_test_failures=False, packages_skip=None, packages_skip_build_finished=False, packages_skip_by_dep=None, packages_skip_regex=None, packages_skip_test_passed=False, packages_skip_up_to=None, packages_start=None, packages_up_to=None, packages_up_to_regex=None, parallel_workers=8, paths=None, symlink_install=False, test_result_base=None, verb_extension=<colcon_core.verb.build.BuildVerb object at 0xffff93125bb0>, verb_name='build', verb_parser=<colcon_defaults.argument_parser.defaults.DefaultArgumentsDecorator object at 0xffff9312e160>)
[0.856s] Level 1:colcon.colcon_core.package_discovery:discover_packages(colcon_meta) check parameters
[0.857s] Level 1:colcon.colcon_core.package_discovery:discover_packages(recursive) check parameters
[0.857s] Level 1:colcon.colcon_core.package_discovery:discover_packages(ignore) check parameters
[0.857s] Level 1:colcon.colcon_core.package_discovery:discover_packages(path) check parameters
[0.857s] Level 1:colcon.colcon_core.package_discovery:discover_packages(colcon_meta) discover
[0.858s] Level 1:colcon.colcon_core.package_discovery:discover_packages(recursive) discover
[0.858s] INFO:colcon.colcon_core.package_discovery:Crawling recursively for packages in '/home/xavier/ExoMy_Software'
[0.858s] Level 1:colcon.colcon_core.package_identification:_identify(.) by extensions ['ignore', 'ignore_ament_install']
[0.859s] Level 1:colcon.colcon_core.package_identification:_identify(.) by extension 'ignore'
[0.859s] Level 1:colcon.colcon_core.package_identification:_identify(.) by extension 'ignore_ament_install'
[0.859s] Level 1:colcon.colcon_core.package_identification:_identify(.) by extensions ['colcon_pkg']
[0.859s] Level 1:colcon.colcon_core.package_identification:_identify(.) by extension 'colcon_pkg'
[0.860s] Level 1:colcon.colcon_core.package_identification:_identify(.) by extensions ['colcon_meta']
[0.860s] Level 1:colcon.colcon_core.package_identification:_identify(.) by extension 'colcon_meta'
[0.860s] Level 1:colcon.colcon_core.package_identification:_identify(.) by extensions ['ros']
[0.860s] Level 1:colcon.colcon_core.package_identification:_identify(.) by extension 'ros'
[0.906s] Level 1:colcon.colcon_core.package_identification:_identify(.) by extensions ['cmake', 'python']
[0.907s] Level 1:colcon.colcon_core.package_identification:_identify(.) by extension 'cmake'
[0.907s] Level 1:colcon.colcon_core.package_identification:_identify(.) by extension 'python'
[0.907s] Level 1:colcon.colcon_core.package_identification:_identify(.) by extensions ['python_setup_py']
[0.907s] Level 1:colcon.colcon_core.package_identification:_identify(.) by extension 'python_setup_py'
[0.908s] Level 1:colcon.colcon_core.package_identification:_identify(build) by extensions ['ignore', 'ignore_ament_install']
[0.908s] Level 1:colcon.colcon_core.package_identification:_identify(build) by extension 'ignore'
[0.908s] Level 1:colcon.colcon_core.package_identification:_identify(build) ignored
[0.909s] Level 1:colcon.colcon_core.package_identification:_identify(exomy) by extensions ['ignore', 'ignore_ament_install']
[0.909s] Level 1:colcon.colcon_core.package_identification:_identify(exomy) by extension 'ignore'
[0.909s] Level 1:colcon.colcon_core.package_identification:_identify(exomy) by extension 'ignore_ament_install'
[0.910s] Level 1:colcon.colcon_core.package_identification:_identify(exomy) by extensions ['colcon_pkg']
[0.910s] Level 1:colcon.colcon_core.package_identification:_identify(exomy) by extension 'colcon_pkg'
[0.910s] Level 1:colcon.colcon_core.package_identification:_identify(exomy) by extensions ['colcon_meta']
[0.910s] Level 1:colcon.colcon_core.package_identification:_identify(exomy) by extension 'colcon_meta'
[0.910s] Level 1:colcon.colcon_core.package_identification:_identify(exomy) by extensions ['ros']
[0.910s] Level 1:colcon.colcon_core.package_identification:_identify(exomy) by extension 'ros'
[0.926s] DEBUG:colcon.colcon_core.package_identification:Package 'exomy' with type 'ros.ament_python' and name 'exomy'
[0.927s] Level 1:colcon.colcon_core.package_identification:_identify(exomy_msgs) by extensions ['ignore', 'ignore_ament_install']
[0.927s] Level 1:colcon.colcon_core.package_identification:_identify(exomy_msgs) by extension 'ignore'
[0.927s] Level 1:colcon.colcon_core.package_identification:_identify(exomy_msgs) by extension 'ignore_ament_install'
[0.928s] Level 1:colcon.colcon_core.package_identification:_identify(exomy_msgs) by extensions ['colcon_pkg']
[0.928s] Level 1:colcon.colcon_core.package_identification:_identify(exomy_msgs) by extension 'colcon_pkg'
[0.928s] Level 1:colcon.colcon_core.package_identification:_identify(exomy_msgs) by extensions ['colcon_meta']
[0.928s] Level 1:colcon.colcon_core.package_identification:_identify(exomy_msgs) by extension 'colcon_meta'
[0.928s] Level 1:colcon.colcon_core.package_identification:_identify(exomy_msgs) by extensions ['ros']
[0.928s] Level 1:colcon.colcon_core.package_identification:_identify(exomy_msgs) by extension 'ros'
[0.933s] DEBUG:colcon.colcon_core.package_identification:Package 'exomy_msgs' with type 'ros.ament_cmake' and name 'exomy_msgs'
[0.933s] Level 1:colcon.colcon_core.package_identification:_identify(install) by extensions ['ignore', 'ignore_ament_install']
[0.934s] Level 1:colcon.colcon_core.package_identification:_identify(install) by extension 'ignore'
[0.934s] Level 1:colcon.colcon_core.package_identification:_identify(install) ignored
[0.934s] Level 1:colcon.colcon_core.package_identification:_identify(log) by extensions ['ignore', 'ignore_ament_install']
[0.935s] Level 1:colcon.colcon_core.package_identification:_identify(log) by extension 'ignore'
[0.935s] Level 1:colcon.colcon_core.package_identification:_identify(log) ignored
[0.935s] Level 1:colcon.colcon_core.package_identification:_identify(realsense-beta) by extensions ['ignore', 'ignore_ament_install']
[0.935s] Level 1:colcon.colcon_core.package_identification:_identify(realsense-beta) by extension 'ignore'
[0.936s] Level 1:colcon.colcon_core.package_identification:_identify(realsense-beta) by extension 'ignore_ament_install'
[0.936s] Level 1:colcon.colcon_core.package_identification:_identify(realsense-beta) by extensions ['colcon_pkg']
[0.936s] Level 1:colcon.colcon_core.package_identification:_identify(realsense-beta) by extension 'colcon_pkg'
[0.936s] Level 1:colcon.colcon_core.package_identification:_identify(realsense-beta) by extensions ['colcon_meta']
[0.936s] Level 1:colcon.colcon_core.package_identification:_identify(realsense-beta) by extension 'colcon_meta'
[0.936s] Level 1:colcon.colcon_core.package_identification:_identify(realsense-beta) by extensions ['ros']
[0.937s] Level 1:colcon.colcon_core.package_identification:_identify(realsense-beta) by extension 'ros'
[0.937s] Level 1:colcon.colcon_core.package_identification:_identify(realsense-beta) by extensions ['cmake', 'python']
[0.937s] Level 1:colcon.colcon_core.package_identification:_identify(realsense-beta) by extension 'cmake'
[0.937s] Level 1:colcon.colcon_core.package_identification:_identify(realsense-beta) by extension 'python'
[0.937s] Level 1:colcon.colcon_core.package_identification:_identify(realsense-beta) by extensions ['python_setup_py']
[0.937s] Level 1:colcon.colcon_core.package_identification:_identify(realsense-beta) by extension 'python_setup_py'
[0.938s] Level 1:colcon.colcon_core.package_discovery:discover_packages(recursive) using defaults
[0.938s] Level 1:colcon.colcon_core.package_discovery:discover_packages(ignore) discover
[0.938s] Level 1:colcon.colcon_core.package_discovery:discover_packages(ignore) using defaults
[0.938s] Level 1:colcon.colcon_core.package_discovery:discover_packages(path) discover
[0.938s] Level 1:colcon.colcon_core.package_discovery:discover_packages(path) using defaults
[1.017s] Level 5:colcon.colcon_core.verb:set package 'exomy_msgs' build argument 'cmake_args' from command line to 'None'
[1.018s] Level 5:colcon.colcon_core.verb:set package 'exomy_msgs' build argument 'cmake_target' from command line to 'None'
[1.018s] Level 5:colcon.colcon_core.verb:set package 'exomy_msgs' build argument 'cmake_target_skip_unavailable' from command line to 'False'
[1.018s] Level 5:colcon.colcon_core.verb:set package 'exomy_msgs' build argument 'cmake_clean_cache' from command line to 'False'
[1.018s] Level 5:colcon.colcon_core.verb:set package 'exomy_msgs' build argument 'cmake_clean_first' from command line to 'False'
[1.018s] Level 5:colcon.colcon_core.verb:set package 'exomy_msgs' build argument 'cmake_force_configure' from command line to 'False'
[1.018s] Level 5:colcon.colcon_core.verb:set package 'exomy_msgs' build argument 'ament_cmake_args' from command line to 'None'
[1.018s] Level 5:colcon.colcon_core.verb:set package 'exomy_msgs' build argument 'catkin_cmake_args' from command line to 'None'
[1.018s] Level 5:colcon.colcon_core.verb:set package 'exomy_msgs' build argument 'catkin_skip_building_tests' from command line to 'False'
[1.019s] DEBUG:colcon.colcon_core.verb:Building package 'exomy_msgs' with the following arguments: {'ament_cmake_args': None, 'build_base': '/home/xavier/ExoMy_Software/build/exomy_msgs', 'catkin_cmake_args': None, 'catkin_skip_building_tests': False, 'cmake_args': None, 'cmake_clean_cache': False, 'cmake_clean_first': False, 'cmake_force_configure': False, 'cmake_target': None, 'cmake_target_skip_unavailable': False, 'install_base': '/home/xavier/ExoMy_Software/install/exomy_msgs', 'merge_install': False, 'path': '/home/xavier/ExoMy_Software/exomy_msgs', 'symlink_install': False, 'test_result_base': None}
[1.021s] Level 5:colcon.colcon_core.verb:set package 'exomy' build argument 'cmake_args' from command line to 'None'
[1.021s] Level 5:colcon.colcon_core.verb:set package 'exomy' build argument 'cmake_target' from command line to 'None'
[1.021s] Level 5:colcon.colcon_core.verb:set package 'exomy' build argument 'cmake_target_skip_unavailable' from command line to 'False'
[1.022s] Level 5:colcon.colcon_core.verb:set package 'exomy' build argument 'cmake_clean_cache' from command line to 'False'
[1.022s] Level 5:colcon.colcon_core.verb:set package 'exomy' build argument 'cmake_clean_first' from command line to 'False'
[1.022s] Level 5:colcon.colcon_core.verb:set package 'exomy' build argument 'cmake_force_configure' from command line to 'False'
[1.022s] Level 5:colcon.colcon_core.verb:set package 'exomy' build argument 'ament_cmake_args' from command line to 'None'
[1.022s] Level 5:colcon.colcon_core.verb:set package 'exomy' build argument 'catkin_cmake_args' from command line to 'None'
[1.022s] Level 5:colcon.colcon_core.verb:set package 'exomy' build argument 'catkin_skip_building_tests' from command line to 'False'
[1.022s] DEBUG:colcon.colcon_core.verb:Building package 'exomy' with the following arguments: {'ament_cmake_args': None, 'build_base': '/home/xavier/ExoMy_Software/build/exomy', 'catkin_cmake_args': None, 'catkin_skip_building_tests': False, 'cmake_args': None, 'cmake_clean_cache': False, 'cmake_clean_first': False, 'cmake_force_configure': False, 'cmake_target': None, 'cmake_target_skip_unavailable': False, 'install_base': '/home/xavier/ExoMy_Software/install/exomy', 'merge_install': False, 'path': '/home/xavier/ExoMy_Software/exomy', 'symlink_install': False, 'test_result_base': None}
[1.045s] INFO:colcon.colcon_core.executor:Executing jobs using 'parallel' executor
[1.053s] DEBUG:colcon.colcon_parallel_executor.executor.parallel:run_until_complete
[1.054s] INFO:colcon.colcon_ros.task.ament_cmake.build:Building ROS package in '/home/xavier/ExoMy_Software/exomy_msgs' with build type 'ament_cmake'
[1.054s] INFO:colcon.colcon_cmake.task.cmake.build:Building CMake package in '/home/xavier/ExoMy_Software/exomy_msgs'
[1.082s] INFO:colcon.colcon_core.plugin_system:Skipping extension 'colcon_core.shell.bat': Not used on non-Windows systems
[1.083s] INFO:colcon.colcon_core.shell:Skip shell extension 'powershell' for command environment: Not usable outside of PowerShell
[1.083s] DEBUG:colcon.colcon_core.shell:Skip shell extension 'dsv' for command environment
[1.121s] DEBUG:colcon.colcon_core.event_handler.log_command:Invoking command in '/home/xavier/ExoMy_Software/build/exomy_msgs': CMAKE_PREFIX_PATH=/opt/ros/foxy /usr/bin/cmake --build /home/xavier/ExoMy_Software/build/exomy_msgs -- -j8 -l8
[1.971s] DEBUG:colcon.colcon_core.event_handler.log_command:Invoked command in '/home/xavier/ExoMy_Software/build/exomy_msgs' returned '0': CMAKE_PREFIX_PATH=/opt/ros/foxy /usr/bin/cmake --build /home/xavier/ExoMy_Software/build/exomy_msgs -- -j8 -l8
[2.268s] DEBUG:colcon.colcon_core.event_handler.log_command:Invoking command in '/home/xavier/ExoMy_Software/build/exomy_msgs': CMAKE_PREFIX_PATH=/opt/ros/foxy /usr/bin/cmake --install /home/xavier/ExoMy_Software/build/exomy_msgs
[2.666s] Level 1:colcon.colcon_core.environment:create_environment_scripts_only(exomy_msgs)
[2.670s] DEBUG:colcon.colcon_core.event_handler.log_command:Invoked command in '/home/xavier/ExoMy_Software/build/exomy_msgs' returned '0': CMAKE_PREFIX_PATH=/opt/ros/foxy /usr/bin/cmake --install /home/xavier/ExoMy_Software/build/exomy_msgs
[2.702s] Level 1:colcon.colcon_core.environment:checking '/home/xavier/ExoMy_Software/install/exomy_msgs' for CMake module files
[2.705s] Level 1:colcon.colcon_core.environment:checking '/home/xavier/ExoMy_Software/install/exomy_msgs' for CMake config files
[2.707s] Level 1:colcon.colcon_core.shell:create_environment_hook('exomy_msgs', 'cmake_prefix_path')
[2.709s] INFO:colcon.colcon_core.shell:Creating environment hook '/home/xavier/ExoMy_Software/install/exomy_msgs/share/exomy_msgs/hook/cmake_prefix_path.ps1'
[2.712s] INFO:colcon.colcon_core.shell:Creating environment descriptor '/home/xavier/ExoMy_Software/install/exomy_msgs/share/exomy_msgs/hook/cmake_prefix_path.dsv'
[2.715s] INFO:colcon.colcon_core.shell:Creating environment hook '/home/xavier/ExoMy_Software/install/exomy_msgs/share/exomy_msgs/hook/cmake_prefix_path.sh'
[2.719s] Level 1:colcon.colcon_core.environment:checking '/home/xavier/ExoMy_Software/install/exomy_msgs/lib'
[2.720s] Level 1:colcon.colcon_core.shell:create_environment_hook('exomy_msgs', 'ld_library_path_lib')
[2.722s] INFO:colcon.colcon_core.shell:Creating environment hook '/home/xavier/ExoMy_Software/install/exomy_msgs/share/exomy_msgs/hook/ld_library_path_lib.ps1'
[2.723s] INFO:colcon.colcon_core.shell:Creating environment descriptor '/home/xavier/ExoMy_Software/install/exomy_msgs/share/exomy_msgs/hook/ld_library_path_lib.dsv'
[2.724s] INFO:colcon.colcon_core.shell:Creating environment hook '/home/xavier/ExoMy_Software/install/exomy_msgs/share/exomy_msgs/hook/ld_library_path_lib.sh'
[2.726s] Level 1:colcon.colcon_core.environment:checking '/home/xavier/ExoMy_Software/install/exomy_msgs/bin'
[2.726s] Level 1:colcon.colcon_core.environment:checking '/home/xavier/ExoMy_Software/install/exomy_msgs/lib/pkgconfig/exomy_msgs.pc'
[2.727s] Level 1:colcon.colcon_core.environment:checking '/home/xavier/ExoMy_Software/install/exomy_msgs/lib/python3.8/site-packages'
[2.727s] Level 1:colcon.colcon_core.shell:create_environment_hook('exomy_msgs', 'pythonpath')
[2.729s] INFO:colcon.colcon_core.shell:Creating environment hook '/home/xavier/ExoMy_Software/install/exomy_msgs/share/exomy_msgs/hook/pythonpath.ps1'
[2.731s] INFO:colcon.colcon_core.shell:Creating environment descriptor '/home/xavier/ExoMy_Software/install/exomy_msgs/share/exomy_msgs/hook/pythonpath.dsv'
[2.732s] INFO:colcon.colcon_core.shell:Creating environment hook '/home/xavier/ExoMy_Software/install/exomy_msgs/share/exomy_msgs/hook/pythonpath.sh'
[2.736s] INFO:colcon.colcon_core.shell:Creating package script '/home/xavier/ExoMy_Software/install/exomy_msgs/share/exomy_msgs/package.ps1'
[2.746s] INFO:colcon.colcon_core.shell:Creating package descriptor '/home/xavier/ExoMy_Software/install/exomy_msgs/share/exomy_msgs/package.dsv'
[2.749s] INFO:colcon.colcon_core.shell:Creating package script '/home/xavier/ExoMy_Software/install/exomy_msgs/share/exomy_msgs/package.sh'
[2.753s] INFO:colcon.colcon_core.shell:Creating package script '/home/xavier/ExoMy_Software/install/exomy_msgs/share/exomy_msgs/package.bash'
[2.756s] INFO:colcon.colcon_core.shell:Creating package script '/home/xavier/ExoMy_Software/install/exomy_msgs/share/exomy_msgs/package.zsh'
[2.760s] Level 1:colcon.colcon_core.environment:create_file_with_runtime_dependencies(/home/xavier/ExoMy_Software/install/exomy_msgs/share/colcon-core/packages/exomy_msgs)
[3.016s] Level 1:colcon.colcon_core.environment:create_environment_scripts_only(exomy_msgs)
[3.020s] Level 1:colcon.colcon_core.environment:checking '/home/xavier/ExoMy_Software/install/exomy_msgs' for CMake module files
[3.023s] Level 1:colcon.colcon_core.environment:checking '/home/xavier/ExoMy_Software/install/exomy_msgs' for CMake config files
[3.024s] Level 1:colcon.colcon_core.shell:create_environment_hook('exomy_msgs', 'cmake_prefix_path')
[3.026s] INFO:colcon.colcon_core.shell:Creating environment hook '/home/xavier/ExoMy_Software/install/exomy_msgs/share/exomy_msgs/hook/cmake_prefix_path.ps1'
[3.029s] INFO:colcon.colcon_core.shell:Creating environment descriptor '/home/xavier/ExoMy_Software/install/exomy_msgs/share/exomy_msgs/hook/cmake_prefix_path.dsv'
[3.031s] INFO:colcon.colcon_core.shell:Creating environment hook '/home/xavier/ExoMy_Software/install/exomy_msgs/share/exomy_msgs/hook/cmake_prefix_path.sh'
[3.033s] Level 1:colcon.colcon_core.environment:checking '/home/xavier/ExoMy_Software/install/exomy_msgs/lib'
[3.034s] Level 1:colcon.colcon_core.shell:create_environment_hook('exomy_msgs', 'ld_library_path_lib')
[3.036s] INFO:colcon.colcon_core.shell:Creating environment hook '/home/xavier/ExoMy_Software/install/exomy_msgs/share/exomy_msgs/hook/ld_library_path_lib.ps1'
[3.037s] INFO:colcon.colcon_core.shell:Creating environment descriptor '/home/xavier/ExoMy_Software/install/exomy_msgs/share/exomy_msgs/hook/ld_library_path_lib.dsv'
[3.038s] INFO:colcon.colcon_core.shell:Creating environment hook '/home/xavier/ExoMy_Software/install/exomy_msgs/share/exomy_msgs/hook/ld_library_path_lib.sh'
[3.040s] Level 1:colcon.colcon_core.environment:checking '/home/xavier/ExoMy_Software/install/exomy_msgs/bin'
[3.040s] Level 1:colcon.colcon_core.environment:checking '/home/xavier/ExoMy_Software/install/exomy_msgs/lib/pkgconfig/exomy_msgs.pc'
[3.041s] Level 1:colcon.colcon_core.environment:checking '/home/xavier/ExoMy_Software/install/exomy_msgs/lib/python3.8/site-packages'
[3.041s] Level 1:colcon.colcon_core.shell:create_environment_hook('exomy_msgs', 'pythonpath')
[3.042s] INFO:colcon.colcon_core.shell:Creating environment hook '/home/xavier/ExoMy_Software/install/exomy_msgs/share/exomy_msgs/hook/pythonpath.ps1'
[3.044s] INFO:colcon.colcon_core.shell:Creating environment descriptor '/home/xavier/ExoMy_Software/install/exomy_msgs/share/exomy_msgs/hook/pythonpath.dsv'
[3.045s] INFO:colcon.colcon_core.shell:Creating environment hook '/home/xavier/ExoMy_Software/install/exomy_msgs/share/exomy_msgs/hook/pythonpath.sh'
[3.049s] INFO:colcon.colcon_core.shell:Creating package script '/home/xavier/ExoMy_Software/install/exomy_msgs/share/exomy_msgs/package.ps1'
[3.051s] INFO:colcon.colcon_core.shell:Creating package descriptor '/home/xavier/ExoMy_Software/install/exomy_msgs/share/exomy_msgs/package.dsv'
[3.053s] INFO:colcon.colcon_core.shell:Creating package script '/home/xavier/ExoMy_Software/install/exomy_msgs/share/exomy_msgs/package.sh'
[3.056s] INFO:colcon.colcon_core.shell:Creating package script '/home/xavier/ExoMy_Software/install/exomy_msgs/share/exomy_msgs/package.bash'
[3.057s] INFO:colcon.colcon_core.shell:Creating package script '/home/xavier/ExoMy_Software/install/exomy_msgs/share/exomy_msgs/package.zsh'
[3.059s] Level 1:colcon.colcon_core.environment:create_file_with_runtime_dependencies(/home/xavier/ExoMy_Software/install/exomy_msgs/share/colcon-core/packages/exomy_msgs)
[3.061s] INFO:colcon.colcon_ros.task.ament_python.build:Building ROS package in '/home/xavier/ExoMy_Software/exomy' with build type 'ament_python'
[3.062s] Level 1:colcon.colcon_core.shell:create_environment_hook('exomy', 'ament_prefix_path')
[3.065s] INFO:colcon.colcon_core.shell:Creating environment hook '/home/xavier/ExoMy_Software/install/exomy/share/exomy/hook/ament_prefix_path.ps1'
[3.067s] INFO:colcon.colcon_core.shell:Creating environment descriptor '/home/xavier/ExoMy_Software/install/exomy/share/exomy/hook/ament_prefix_path.dsv'
[3.070s] INFO:colcon.colcon_core.shell:Creating environment hook '/home/xavier/ExoMy_Software/install/exomy/share/exomy/hook/ament_prefix_path.sh'
[3.073s] INFO:colcon.colcon_core.shell:Skip shell extension 'powershell' for command environment: Not usable outside of PowerShell
[3.074s] DEBUG:colcon.colcon_core.shell:Skip shell extension 'dsv' for command environment
[3.900s] INFO:colcon.colcon_core.task.python.build:Building Python package in '/home/xavier/ExoMy_Software/exomy'
[3.904s] INFO:colcon.colcon_core.shell:Skip shell extension 'powershell' for command environment: Not usable outside of PowerShell
[3.905s] DEBUG:colcon.colcon_core.shell:Skip shell extension 'dsv' for command environment
[5.747s] DEBUG:colcon.colcon_core.event_handler.log_command:Invoking command in '/home/xavier/ExoMy_Software/exomy': AMENT_PREFIX_PATH=/home/xavier/ExoMy_Software/install/exomy_msgs:${AMENT_PREFIX_PATH} CMAKE_PREFIX_PATH=/home/xavier/ExoMy_Software/install/exomy_msgs LD_LIBRARY_PATH=/home/xavier/ExoMy_Software/install/exomy_msgs/lib:/usr/local/cuda-11.4/lib64:/opt/ros/foxy/opt/yaml_cpp_vendor/lib:/opt/ros/foxy/opt/rviz_ogre_vendor/lib:/opt/ros/foxy/lib/aarch64-linux-gnu:/opt/ros/foxy/lib:/usr/local/cuda-11.4/lib64 PYTHONPATH=/home/xavier/ExoMy_Software/install/exomy/lib/python3.8/site-packages:/home/xavier/ExoMy_Software/install/exomy_msgs/lib/python3.8/site-packages:${PYTHONPATH} /usr/bin/python3 setup.py egg_info --egg-base ../build/exomy build --build-base /home/xavier/ExoMy_Software/build/exomy/build install --prefix /home/xavier/ExoMy_Software/install/exomy --record /home/xavier/ExoMy_Software/build/exomy/install.log --single-version-externally-managed
[6.785s] Level 1:colcon.colcon_core.environment:checking '/home/xavier/ExoMy_Software/install/exomy' for CMake module files
[6.787s] DEBUG:colcon.colcon_core.event_handler.log_command:Invoked command in '/home/xavier/ExoMy_Software/exomy' returned '0': AMENT_PREFIX_PATH=/home/xavier/ExoMy_Software/install/exomy_msgs:${AMENT_PREFIX_PATH} CMAKE_PREFIX_PATH=/home/xavier/ExoMy_Software/install/exomy_msgs LD_LIBRARY_PATH=/home/xavier/ExoMy_Software/install/exomy_msgs/lib:/usr/local/cuda-11.4/lib64:/opt/ros/foxy/opt/yaml_cpp_vendor/lib:/opt/ros/foxy/opt/rviz_ogre_vendor/lib:/opt/ros/foxy/lib/aarch64-linux-gnu:/opt/ros/foxy/lib:/usr/local/cuda-11.4/lib64 PYTHONPATH=/home/xavier/ExoMy_Software/install/exomy/lib/python3.8/site-packages:/home/xavier/ExoMy_Software/install/exomy_msgs/lib/python3.8/site-packages:${PYTHONPATH} /usr/bin/python3 setup.py egg_info --egg-base ../build/exomy build --build-base /home/xavier/ExoMy_Software/build/exomy/build install --prefix /home/xavier/ExoMy_Software/install/exomy --record /home/xavier/ExoMy_Software/build/exomy/install.log --single-version-externally-managed
[6.789s] Level 1:colcon.colcon_core.environment:checking '/home/xavier/ExoMy_Software/install/exomy' for CMake config files
[6.792s] Level 1:colcon.colcon_core.environment:checking '/home/xavier/ExoMy_Software/install/exomy/lib'
[6.792s] Level 1:colcon.colcon_core.environment:checking '/home/xavier/ExoMy_Software/install/exomy/bin'
[6.793s] Level 1:colcon.colcon_core.environment:checking '/home/xavier/ExoMy_Software/install/exomy/lib/pkgconfig/exomy.pc'
[6.793s] Level 1:colcon.colcon_core.environment:checking '/home/xavier/ExoMy_Software/install/exomy/lib/python3.8/site-packages'
[6.793s] Level 1:colcon.colcon_core.shell:create_environment_hook('exomy', 'pythonpath')
[6.795s] INFO:colcon.colcon_core.shell:Creating environment hook '/home/xavier/ExoMy_Software/install/exomy/share/exomy/hook/pythonpath.ps1'
[6.798s] INFO:colcon.colcon_core.shell:Creating environment descriptor '/home/xavier/ExoMy_Software/install/exomy/share/exomy/hook/pythonpath.dsv'
[6.800s] INFO:colcon.colcon_core.shell:Creating environment hook '/home/xavier/ExoMy_Software/install/exomy/share/exomy/hook/pythonpath.sh'
[6.803s] Level 1:colcon.colcon_core.environment:create_environment_scripts_only(exomy)
[6.805s] INFO:colcon.colcon_core.shell:Creating package script '/home/xavier/ExoMy_Software/install/exomy/share/exomy/package.ps1'
[6.807s] INFO:colcon.colcon_core.shell:Creating package descriptor '/home/xavier/ExoMy_Software/install/exomy/share/exomy/package.dsv'
[6.809s] INFO:colcon.colcon_core.shell:Creating package script '/home/xavier/ExoMy_Software/install/exomy/share/exomy/package.sh'
[6.812s] INFO:colcon.colcon_core.shell:Creating package script '/home/xavier/ExoMy_Software/install/exomy/share/exomy/package.bash'
[6.813s] INFO:colcon.colcon_core.shell:Creating package script '/home/xavier/ExoMy_Software/install/exomy/share/exomy/package.zsh'
[6.815s] Level 1:colcon.colcon_core.environment:create_file_with_runtime_dependencies(/home/xavier/ExoMy_Software/install/exomy/share/colcon-core/packages/exomy)
[6.816s] DEBUG:colcon.colcon_parallel_executor.executor.parallel:closing loop
[6.818s] DEBUG:colcon.colcon_parallel_executor.executor.parallel:loop closed
[6.818s] DEBUG:colcon.colcon_parallel_executor.executor.parallel:run_until_complete finished with '0'
[6.819s] DEBUG:colcon.colcon_core.event_reactor:joining thread
[6.850s] INFO:colcon.colcon_core.plugin_system:Skipping extension 'colcon_notification.desktop_notification.terminal_notifier': Not used on non-Darwin systems
[6.851s] INFO:colcon.colcon_core.plugin_system:Skipping extension 'colcon_notification.desktop_notification.win32': Not used on non-Windows systems
[6.851s] INFO:colcon.colcon_notification.desktop_notification:Sending desktop notification using 'notify2'
[6.935s] DEBUG:colcon.colcon_core.event_reactor:joined thread
[6.938s] INFO:colcon.colcon_core.shell:Creating prefix script '/home/xavier/ExoMy_Software/install/local_setup.ps1'
[6.943s] INFO:colcon.colcon_core.shell:Creating prefix util module '/home/xavier/ExoMy_Software/install/_local_setup_util_ps1.py'
[6.950s] INFO:colcon.colcon_core.shell:Creating prefix chain script '/home/xavier/ExoMy_Software/install/setup.ps1'
[6.955s] INFO:colcon.colcon_core.shell:Creating prefix script '/home/xavier/ExoMy_Software/install/local_setup.sh'
[6.958s] INFO:colcon.colcon_core.shell:Creating prefix util module '/home/xavier/ExoMy_Software/install/_local_setup_util_sh.py'
[6.961s] INFO:colcon.colcon_core.shell:Creating prefix chain script '/home/xavier/ExoMy_Software/install/setup.sh'
[6.966s] INFO:colcon.colcon_core.shell:Creating prefix script '/home/xavier/ExoMy_Software/install/local_setup.bash'
[6.969s] INFO:colcon.colcon_core.shell:Creating prefix chain script '/home/xavier/ExoMy_Software/install/setup.bash'
[6.975s] INFO:colcon.colcon_core.shell:Creating prefix script '/home/xavier/ExoMy_Software/install/local_setup.zsh'
[6.977s] INFO:colcon.colcon_core.shell:Creating prefix chain script '/home/xavier/ExoMy_Software/install/setup.zsh'
