[2.604s] Invoking command in '/home/xavier/ExoMy_Software/exomy': CMAKE_PREFIX_PATH=/home/xavier/ExoMy_Software/install/exomy_msgs:/home/xavier/ExoMy_Software/install/realsense2_description:/home/xavier/ExoMy_Software/install/realsense2_camera:/home/xavier/ExoMy_Software/install/realsense2_camera_msgs LD_LIBRARY_PATH=/home/xavier/ExoMy_Software/install/exomy_msgs/lib:/home/xavier/ExoMy_Software/install/realsense2_camera/lib:/home/xavier/ExoMy_Software/install/realsense2_camera_msgs/lib:/usr/local/cuda-11.4/lib64:/opt/ros/foxy/opt/yaml_cpp_vendor/lib:/opt/ros/foxy/opt/rviz_ogre_vendor/lib:/opt/ros/foxy/lib/aarch64-linux-gnu:/opt/ros/foxy/lib:/usr/local/cuda-11.4/lib64 PYTHONPATH=/home/xavier/ExoMy_Software/install/exomy/lib/python3.8/site-packages:/home/xavier/ExoMy_Software/install/exomy_msgs/lib/python3.8/site-packages:/home/xavier/ExoMy_Software/install/realsense2_camera_msgs/lib/python3.8/site-packages:/home/xavier/ExoMy_Software/install/exomy/lib/python3.8/site-packages:/home/xavier/sensor_msgs_py/install/sensor_msgs_py/lib/python3.8/site-packages:/opt/ros/foxy/lib/python3.8/site-packages /usr/bin/python3 setup.py egg_info --egg-base ../build/exomy build --build-base /home/xavier/ExoMy_Software/build/exomy/build install --prefix /home/xavier/ExoMy_Software/install/exomy --record /home/xavier/ExoMy_Software/build/exomy/install.log --single-version-externally-managed
[3.428s] running egg_info
[3.431s] writing ../build/exomy/exomy.egg-info/PKG-INFO
[3.432s] writing dependency_links to ../build/exomy/exomy.egg-info/dependency_links.txt
[3.434s] writing entry points to ../build/exomy/exomy.egg-info/entry_points.txt
[3.434s] writing requirements to ../build/exomy/exomy.egg-info/requires.txt
[3.435s] writing top-level names to ../build/exomy/exomy.egg-info/top_level.txt
[3.561s] reading manifest file '../build/exomy/exomy.egg-info/SOURCES.txt'
[3.565s] writing manifest file '../build/exomy/exomy.egg-info/SOURCES.txt'
[3.565s] running build
[3.565s] running build_py
[3.568s] running install
[3.571s] running install_lib
[3.577s] running install_data
[3.579s] running install_egg_info
[3.587s] removing '/home/xavier/ExoMy_Software/install/exomy/lib/python3.8/site-packages/exomy-2.0.0-py3.8.egg-info' (and everything under it)
[3.588s] Copying ../build/exomy/exomy.egg-info to /home/xavier/ExoMy_Software/install/exomy/lib/python3.8/site-packages/exomy-2.0.0-py3.8.egg-info
[3.593s] running install_scripts
[3.655s] Installing Camera_node script to /home/xavier/ExoMy_Software/install/exomy/lib/exomy
[3.656s] Installing Kinematics_node script to /home/xavier/ExoMy_Software/install/exomy/lib/exomy
[3.657s] Installing RLModel_node script to /home/xavier/ExoMy_Software/install/exomy/lib/exomy
[3.658s] Installing gamepad_parser_node script to /home/xavier/ExoMy_Software/install/exomy/lib/exomy
[3.659s] Installing motor_node script to /home/xavier/ExoMy_Software/install/exomy/lib/exomy
[3.661s] writing list of installed files to '/home/xavier/ExoMy_Software/build/exomy/install.log'
[3.752s] Invoked command in '/home/xavier/ExoMy_Software/exomy' returned '0': CMAKE_PREFIX_PATH=/home/xavier/ExoMy_Software/install/exomy_msgs:/home/xavier/ExoMy_Software/install/realsense2_description:/home/xavier/ExoMy_Software/install/realsense2_camera:/home/xavier/ExoMy_Software/install/realsense2_camera_msgs LD_LIBRARY_PATH=/home/xavier/ExoMy_Software/install/exomy_msgs/lib:/home/xavier/ExoMy_Software/install/realsense2_camera/lib:/home/xavier/ExoMy_Software/install/realsense2_camera_msgs/lib:/usr/local/cuda-11.4/lib64:/opt/ros/foxy/opt/yaml_cpp_vendor/lib:/opt/ros/foxy/opt/rviz_ogre_vendor/lib:/opt/ros/foxy/lib/aarch64-linux-gnu:/opt/ros/foxy/lib:/usr/local/cuda-11.4/lib64 PYTHONPATH=/home/xavier/ExoMy_Software/install/exomy/lib/python3.8/site-packages:/home/xavier/ExoMy_Software/install/exomy_msgs/lib/python3.8/site-packages:/home/xavier/ExoMy_Software/install/realsense2_camera_msgs/lib/python3.8/site-packages:/home/xavier/ExoMy_Software/install/exomy/lib/python3.8/site-packages:/home/xavier/sensor_msgs_py/install/sensor_msgs_py/lib/python3.8/site-packages:/opt/ros/foxy/lib/python3.8/site-packages /usr/bin/python3 setup.py egg_info --egg-base ../build/exomy build --build-base /home/xavier/ExoMy_Software/build/exomy/build install --prefix /home/xavier/ExoMy_Software/install/exomy --record /home/xavier/ExoMy_Software/build/exomy/install.log --single-version-externally-managed
