[0.053s] Invoking command in '/home/xavier/ExoMy_Software/build/exomy_msgs': CMAKE_PREFIX_PATH=${CMAKE_PREFIX_PATH}:/home/xavier/sensor_msgs_py/install/sensor_msgs_py:/home/xavier/ExoMy_Software/install/exomy:/opt/ros/foxy /usr/bin/cmake --build /home/xavier/ExoMy_Software/build/exomy_msgs -- -j8 -l8
[0.247s] [ 10%] Built target exomy_msgs__rosidl_generator_c
[0.249s] [ 12%] Built target exomy_msgs__cpp
[0.330s] [ 29%] Built target exomy_msgs__rosidl_typesupport_c
[0.331s] [ 36%] Built target exomy_msgs__rosidl_typesupport_introspection_cpp
[0.332s] [ 44%] Built target exomy_msgs__rosidl_typesupport_cpp
[0.338s] [ 55%] Built target exomy_msgs__rosidl_typesupport_introspection_c
[0.349s] [ 65%] Built target exomy_msgs__rosidl_typesupport_fastrtps_cpp
[0.432s] [ 76%] Built target exomy_msgs__rosidl_typesupport_fastrtps_c
[0.501s] [ 76%] Built target exomy_msgs
[0.581s] [ 78%] Built target exomy_msgs__py
[0.667s] [ 87%] Built target exomy_msgs__python
[0.759s] [ 91%] Built target exomy_msgs__rosidl_typesupport_c__pyext
[0.762s] [ 95%] Built target exomy_msgs__rosidl_typesupport_introspection_c__pyext
[0.768s] [100%] Built target exomy_msgs__rosidl_typesupport_fastrtps_c__pyext
[0.810s] Invoked command in '/home/xavier/ExoMy_Software/build/exomy_msgs' returned '0': CMAKE_PREFIX_PATH=${CMAKE_PREFIX_PATH}:/home/xavier/sensor_msgs_py/install/sensor_msgs_py:/home/xavier/ExoMy_Software/install/exomy:/opt/ros/foxy /usr/bin/cmake --build /home/xavier/ExoMy_Software/build/exomy_msgs -- -j8 -l8
[1.148s] Invoking command in '/home/xavier/ExoMy_Software/build/exomy_msgs': CMAKE_PREFIX_PATH=${CMAKE_PREFIX_PATH}:/home/xavier/sensor_msgs_py/install/sensor_msgs_py:/home/xavier/ExoMy_Software/install/exomy:/opt/ros/foxy /usr/bin/cmake --install /home/xavier/ExoMy_Software/build/exomy_msgs
[1.178s] -- Install configuration: ""
[1.179s] -- Up-to-date: /home/xavier/ExoMy_Software/install/exomy_msgs/share/ament_index/resource_index/rosidl_interfaces/exomy_msgs
[1.180s] -- Up-to-date: /home/xavier/ExoMy_Software/install/exomy_msgs/include/exomy_msgs
[1.191s] -- Up-to-date: /home/xavier/ExoMy_Software/install/exomy_msgs/include/exomy_msgs/msg
[1.192s] -- Up-to-date: /home/xavier/ExoMy_Software/install/exomy_msgs/include/exomy_msgs/msg/rosidl_generator_c__visibility_control.h
[1.192s] -- Up-to-date: /home/xavier/ExoMy_Software/install/exomy_msgs/include/exomy_msgs/msg/motor_commands.h
[1.193s] -- Up-to-date: /home/xavier/ExoMy_Software/install/exomy_msgs/include/exomy_msgs/msg/camera_data.h
[1.193s] -- Up-to-date: /home/xavier/ExoMy_Software/install/exomy_msgs/include/exomy_msgs/msg/detail
[1.193s] -- Up-to-date: /home/xavier/ExoMy_Software/install/exomy_msgs/include/exomy_msgs/msg/detail/camera_data__functions.c
[1.194s] -- Up-to-date: /home/xavier/ExoMy_Software/install/exomy_msgs/include/exomy_msgs/msg/detail/actions__struct.h
[1.194s] -- Up-to-date: /home/xavier/ExoMy_Software/install/exomy_msgs/include/exomy_msgs/msg/detail/actions__type_support.h
[1.195s] -- Up-to-date: /home/xavier/ExoMy_Software/install/exomy_msgs/include/exomy_msgs/msg/detail/camera_data__functions.h
[1.195s] -- Up-to-date: /home/xavier/ExoMy_Software/install/exomy_msgs/include/exomy_msgs/msg/detail/actions__functions.h
[1.195s] -- Up-to-date: /home/xavier/ExoMy_Software/install/exomy_msgs/include/exomy_msgs/msg/detail/motor_commands__struct.h
[1.196s] -- Up-to-date: /home/xavier/ExoMy_Software/install/exomy_msgs/include/exomy_msgs/msg/detail/actions__functions.c
[1.196s] -- Up-to-date: /home/xavier/ExoMy_Software/install/exomy_msgs/include/exomy_msgs/msg/detail/motor_commands__type_support.h
[1.197s] -- Up-to-date: /home/xavier/ExoMy_Software/install/exomy_msgs/include/exomy_msgs/msg/detail/motor_commands__functions.h
[1.197s] -- Up-to-date: /home/xavier/ExoMy_Software/install/exomy_msgs/include/exomy_msgs/msg/detail/camera_data__type_support.h
[1.197s] -- Up-to-date: /home/xavier/ExoMy_Software/install/exomy_msgs/include/exomy_msgs/msg/detail/motor_commands__functions.c
[1.198s] -- Up-to-date: /home/xavier/ExoMy_Software/install/exomy_msgs/include/exomy_msgs/msg/detail/camera_data__struct.h
[1.198s] -- Up-to-date: /home/xavier/ExoMy_Software/install/exomy_msgs/include/exomy_msgs/msg/actions.h
[1.199s] -- Up-to-date: /home/xavier/ExoMy_Software/install/exomy_msgs/share/exomy_msgs/environment/library_path.sh
[1.199s] -- Up-to-date: /home/xavier/ExoMy_Software/install/exomy_msgs/share/exomy_msgs/environment/library_path.dsv
[1.199s] -- Up-to-date: /home/xavier/ExoMy_Software/install/exomy_msgs/lib/libexomy_msgs__rosidl_generator_c.so
[1.200s] -- Up-to-date: /home/xavier/ExoMy_Software/install/exomy_msgs/include/exomy_msgs
[1.201s] -- Up-to-date: /home/xavier/ExoMy_Software/install/exomy_msgs/include/exomy_msgs/msg
[1.202s] -- Up-to-date: /home/xavier/ExoMy_Software/install/exomy_msgs/include/exomy_msgs/msg/rosidl_typesupport_fastrtps_c__visibility_control.h
[1.202s] -- Up-to-date: /home/xavier/ExoMy_Software/install/exomy_msgs/include/exomy_msgs/msg/detail
[1.202s] -- Up-to-date: /home/xavier/ExoMy_Software/install/exomy_msgs/include/exomy_msgs/msg/detail/camera_data__rosidl_typesupport_fastrtps_c.h
[1.203s] -- Up-to-date: /home/xavier/ExoMy_Software/install/exomy_msgs/include/exomy_msgs/msg/detail/motor_commands__rosidl_typesupport_fastrtps_c.h
[1.203s] -- Up-to-date: /home/xavier/ExoMy_Software/install/exomy_msgs/include/exomy_msgs/msg/detail/actions__rosidl_typesupport_fastrtps_c.h
[1.203s] -- Up-to-date: /home/xavier/ExoMy_Software/install/exomy_msgs/lib/libexomy_msgs__rosidl_typesupport_fastrtps_c.so
[1.203s] -- Up-to-date: /home/xavier/ExoMy_Software/install/exomy_msgs/include/exomy_msgs
[1.204s] -- Up-to-date: /home/xavier/ExoMy_Software/install/exomy_msgs/include/exomy_msgs/msg
[1.204s] -- Up-to-date: /home/xavier/ExoMy_Software/install/exomy_msgs/include/exomy_msgs/msg/detail
[1.205s] -- Up-to-date: /home/xavier/ExoMy_Software/install/exomy_msgs/include/exomy_msgs/msg/detail/dds_fastrtps
[1.205s] -- Up-to-date: /home/xavier/ExoMy_Software/install/exomy_msgs/include/exomy_msgs/msg/detail/motor_commands__rosidl_typesupport_fastrtps_cpp.hpp
[1.205s] -- Up-to-date: /home/xavier/ExoMy_Software/install/exomy_msgs/include/exomy_msgs/msg/detail/camera_data__rosidl_typesupport_fastrtps_cpp.hpp
[1.206s] -- Up-to-date: /home/xavier/ExoMy_Software/install/exomy_msgs/include/exomy_msgs/msg/detail/actions__rosidl_typesupport_fastrtps_cpp.hpp
[1.206s] -- Up-to-date: /home/xavier/ExoMy_Software/install/exomy_msgs/include/exomy_msgs/msg/rosidl_typesupport_fastrtps_cpp__visibility_control.h
[1.206s] -- Up-to-date: /home/xavier/ExoMy_Software/install/exomy_msgs/lib/libexomy_msgs__rosidl_typesupport_fastrtps_cpp.so
[1.207s] -- Up-to-date: /home/xavier/ExoMy_Software/install/exomy_msgs/include/exomy_msgs
[1.208s] -- Up-to-date: /home/xavier/ExoMy_Software/install/exomy_msgs/include/exomy_msgs/msg
[1.208s] -- Up-to-date: /home/xavier/ExoMy_Software/install/exomy_msgs/include/exomy_msgs/msg/rosidl_typesupport_introspection_c__visibility_control.h
[1.208s] -- Up-to-date: /home/xavier/ExoMy_Software/install/exomy_msgs/include/exomy_msgs/msg/detail
[1.208s] -- Up-to-date: /home/xavier/ExoMy_Software/install/exomy_msgs/include/exomy_msgs/msg/detail/actions__rosidl_typesupport_introspection_c.h
[1.209s] -- Up-to-date: /home/xavier/ExoMy_Software/install/exomy_msgs/include/exomy_msgs/msg/detail/motor_commands__rosidl_typesupport_introspection_c.h
[1.209s] -- Up-to-date: /home/xavier/ExoMy_Software/install/exomy_msgs/include/exomy_msgs/msg/detail/actions__type_support.c
[1.210s] -- Up-to-date: /home/xavier/ExoMy_Software/install/exomy_msgs/include/exomy_msgs/msg/detail/camera_data__type_support.c
[1.210s] -- Up-to-date: /home/xavier/ExoMy_Software/install/exomy_msgs/include/exomy_msgs/msg/detail/motor_commands__type_support.c
[1.210s] -- Up-to-date: /home/xavier/ExoMy_Software/install/exomy_msgs/include/exomy_msgs/msg/detail/camera_data__rosidl_typesupport_introspection_c.h
[1.211s] -- Up-to-date: /home/xavier/ExoMy_Software/install/exomy_msgs/lib/libexomy_msgs__rosidl_typesupport_introspection_c.so
[1.211s] -- Up-to-date: /home/xavier/ExoMy_Software/install/exomy_msgs/lib/libexomy_msgs__rosidl_typesupport_c.so
[1.211s] -- Up-to-date: /home/xavier/ExoMy_Software/install/exomy_msgs/include/exomy_msgs
[1.211s] -- Up-to-date: /home/xavier/ExoMy_Software/install/exomy_msgs/include/exomy_msgs/msg
[1.212s] -- Up-to-date: /home/xavier/ExoMy_Software/install/exomy_msgs/include/exomy_msgs/msg/camera_data.hpp
[1.212s] -- Up-to-date: /home/xavier/ExoMy_Software/install/exomy_msgs/include/exomy_msgs/msg/detail
[1.212s] -- Up-to-date: /home/xavier/ExoMy_Software/install/exomy_msgs/include/exomy_msgs/msg/detail/camera_data__struct.hpp
[1.213s] -- Up-to-date: /home/xavier/ExoMy_Software/install/exomy_msgs/include/exomy_msgs/msg/detail/motor_commands__struct.hpp
[1.213s] -- Up-to-date: /home/xavier/ExoMy_Software/install/exomy_msgs/include/exomy_msgs/msg/detail/camera_data__traits.hpp
[1.213s] -- Up-to-date: /home/xavier/ExoMy_Software/install/exomy_msgs/include/exomy_msgs/msg/detail/actions__builder.hpp
[1.213s] -- Up-to-date: /home/xavier/ExoMy_Software/install/exomy_msgs/include/exomy_msgs/msg/detail/camera_data__builder.hpp
[1.214s] -- Up-to-date: /home/xavier/ExoMy_Software/install/exomy_msgs/include/exomy_msgs/msg/detail/actions__traits.hpp
[1.214s] -- Up-to-date: /home/xavier/ExoMy_Software/install/exomy_msgs/include/exomy_msgs/msg/detail/actions__struct.hpp
[1.214s] -- Up-to-date: /home/xavier/ExoMy_Software/install/exomy_msgs/include/exomy_msgs/msg/detail/motor_commands__builder.hpp
[1.215s] -- Up-to-date: /home/xavier/ExoMy_Software/install/exomy_msgs/include/exomy_msgs/msg/detail/motor_commands__traits.hpp
[1.215s] -- Up-to-date: /home/xavier/ExoMy_Software/install/exomy_msgs/include/exomy_msgs/msg/actions.hpp
[1.215s] -- Up-to-date: /home/xavier/ExoMy_Software/install/exomy_msgs/include/exomy_msgs/msg/motor_commands.hpp
[1.216s] -- Up-to-date: /home/xavier/ExoMy_Software/install/exomy_msgs/include/exomy_msgs
[1.216s] -- Up-to-date: /home/xavier/ExoMy_Software/install/exomy_msgs/include/exomy_msgs/msg
[1.216s] -- Up-to-date: /home/xavier/ExoMy_Software/install/exomy_msgs/include/exomy_msgs/msg/detail
[1.216s] -- Up-to-date: /home/xavier/ExoMy_Software/install/exomy_msgs/include/exomy_msgs/msg/detail/camera_data__type_support.cpp
[1.217s] -- Up-to-date: /home/xavier/ExoMy_Software/install/exomy_msgs/include/exomy_msgs/msg/detail/actions__rosidl_typesupport_introspection_cpp.hpp
[1.217s] -- Up-to-date: /home/xavier/ExoMy_Software/install/exomy_msgs/include/exomy_msgs/msg/detail/actions__type_support.cpp
[1.217s] -- Up-to-date: /home/xavier/ExoMy_Software/install/exomy_msgs/include/exomy_msgs/msg/detail/camera_data__rosidl_typesupport_introspection_cpp.hpp
[1.218s] -- Up-to-date: /home/xavier/ExoMy_Software/install/exomy_msgs/include/exomy_msgs/msg/detail/motor_commands__rosidl_typesupport_introspection_cpp.hpp
[1.218s] -- Up-to-date: /home/xavier/ExoMy_Software/install/exomy_msgs/include/exomy_msgs/msg/detail/motor_commands__type_support.cpp
[1.219s] -- Up-to-date: /home/xavier/ExoMy_Software/install/exomy_msgs/lib/libexomy_msgs__rosidl_typesupport_introspection_cpp.so
[1.219s] -- Up-to-date: /home/xavier/ExoMy_Software/install/exomy_msgs/lib/libexomy_msgs__rosidl_typesupport_cpp.so
[1.220s] -- Up-to-date: /home/xavier/ExoMy_Software/install/exomy_msgs/share/exomy_msgs/environment/pythonpath.sh
[1.220s] -- Up-to-date: /home/xavier/ExoMy_Software/install/exomy_msgs/share/exomy_msgs/environment/pythonpath.dsv
[1.220s] -- Up-to-date: /home/xavier/ExoMy_Software/install/exomy_msgs/lib/python3.8/site-packages/exomy_msgs/__init__.py
[1.542s] -- Up-to-date: /home/xavier/ExoMy_Software/install/exomy_msgs/lib/python3.8/site-packages/exomy_msgs/msg
[1.542s] -- Up-to-date: /home/xavier/ExoMy_Software/install/exomy_msgs/lib/python3.8/site-packages/exomy_msgs/msg/_motor_commands.py
[1.542s] -- Up-to-date: /home/xavier/ExoMy_Software/install/exomy_msgs/lib/python3.8/site-packages/exomy_msgs/msg/_actions.py
[1.543s] -- Up-to-date: /home/xavier/ExoMy_Software/install/exomy_msgs/lib/python3.8/site-packages/exomy_msgs/msg/__init__.py
[1.543s] -- Up-to-date: /home/xavier/ExoMy_Software/install/exomy_msgs/lib/python3.8/site-packages/exomy_msgs/msg/_actions_s.c
[1.543s] -- Up-to-date: /home/xavier/ExoMy_Software/install/exomy_msgs/lib/python3.8/site-packages/exomy_msgs/msg/_camera_data.py
[1.544s] -- Up-to-date: /home/xavier/ExoMy_Software/install/exomy_msgs/lib/python3.8/site-packages/exomy_msgs/msg/_camera_data_s.c
[1.544s] -- Up-to-date: /home/xavier/ExoMy_Software/install/exomy_msgs/lib/python3.8/site-packages/exomy_msgs/msg/_motor_commands_s.c
[1.544s] -- Up-to-date: /home/xavier/ExoMy_Software/install/exomy_msgs/lib/python3.8/site-packages/exomy_msgs/exomy_msgs_s__rosidl_typesupport_fastrtps_c.cpython-38-aarch64-linux-gnu.so
[1.546s] -- Up-to-date: /home/xavier/ExoMy_Software/install/exomy_msgs/lib/python3.8/site-packages/exomy_msgs/exomy_msgs_s__rosidl_typesupport_introspection_c.cpython-38-aarch64-linux-gnu.so
[1.548s] -- Up-to-date: /home/xavier/ExoMy_Software/install/exomy_msgs/lib/python3.8/site-packages/exomy_msgs/exomy_msgs_s__rosidl_typesupport_c.cpython-38-aarch64-linux-gnu.so
[1.549s] -- Up-to-date: /home/xavier/ExoMy_Software/install/exomy_msgs/lib/libexomy_msgs__python.so
[1.550s] -- Up-to-date: /home/xavier/ExoMy_Software/install/exomy_msgs/share/exomy_msgs/msg/Actions.idl
[1.551s] -- Up-to-date: /home/xavier/ExoMy_Software/install/exomy_msgs/share/exomy_msgs/msg/CameraData.idl
[1.552s] -- Up-to-date: /home/xavier/ExoMy_Software/install/exomy_msgs/share/exomy_msgs/msg/MotorCommands.idl
[1.552s] -- Up-to-date: /home/xavier/ExoMy_Software/install/exomy_msgs/share/exomy_msgs/msg/Actions.msg
[1.553s] -- Up-to-date: /home/xavier/ExoMy_Software/install/exomy_msgs/share/exomy_msgs/msg/CameraData.msg
[1.553s] -- Up-to-date: /home/xavier/ExoMy_Software/install/exomy_msgs/share/exomy_msgs/msg/MotorCommands.msg
[1.553s] -- Up-to-date: /home/xavier/ExoMy_Software/install/exomy_msgs/share/ament_index/resource_index/package_run_dependencies/exomy_msgs
[1.554s] -- Up-to-date: /home/xavier/ExoMy_Software/install/exomy_msgs/share/ament_index/resource_index/parent_prefix_path/exomy_msgs
[1.554s] -- Up-to-date: /home/xavier/ExoMy_Software/install/exomy_msgs/share/exomy_msgs/environment/ament_prefix_path.sh
[1.554s] -- Up-to-date: /home/xavier/ExoMy_Software/install/exomy_msgs/share/exomy_msgs/environment/ament_prefix_path.dsv
[1.555s] -- Up-to-date: /home/xavier/ExoMy_Software/install/exomy_msgs/share/exomy_msgs/environment/path.sh
[1.555s] -- Up-to-date: /home/xavier/ExoMy_Software/install/exomy_msgs/share/exomy_msgs/environment/path.dsv
[1.555s] -- Up-to-date: /home/xavier/ExoMy_Software/install/exomy_msgs/share/exomy_msgs/local_setup.bash
[1.556s] -- Up-to-date: /home/xavier/ExoMy_Software/install/exomy_msgs/share/exomy_msgs/local_setup.sh
[1.556s] -- Up-to-date: /home/xavier/ExoMy_Software/install/exomy_msgs/share/exomy_msgs/local_setup.zsh
[1.557s] -- Up-to-date: /home/xavier/ExoMy_Software/install/exomy_msgs/share/exomy_msgs/local_setup.dsv
[1.558s] -- Installing: /home/xavier/ExoMy_Software/install/exomy_msgs/share/exomy_msgs/package.dsv
[1.558s] -- Up-to-date: /home/xavier/ExoMy_Software/install/exomy_msgs/share/ament_index/resource_index/packages/exomy_msgs
[1.559s] -- Up-to-date: /home/xavier/ExoMy_Software/install/exomy_msgs/share/exomy_msgs/cmake/exomy_msgs__rosidl_generator_cExport.cmake
[1.559s] -- Up-to-date: /home/xavier/ExoMy_Software/install/exomy_msgs/share/exomy_msgs/cmake/exomy_msgs__rosidl_generator_cExport-noconfig.cmake
[1.559s] -- Up-to-date: /home/xavier/ExoMy_Software/install/exomy_msgs/share/exomy_msgs/cmake/exomy_msgs__rosidl_typesupport_introspection_cExport.cmake
[1.560s] -- Up-to-date: /home/xavier/ExoMy_Software/install/exomy_msgs/share/exomy_msgs/cmake/exomy_msgs__rosidl_typesupport_introspection_cExport-noconfig.cmake
[1.560s] -- Up-to-date: /home/xavier/ExoMy_Software/install/exomy_msgs/share/exomy_msgs/cmake/exomy_msgs__rosidl_typesupport_cExport.cmake
[1.561s] -- Up-to-date: /home/xavier/ExoMy_Software/install/exomy_msgs/share/exomy_msgs/cmake/exomy_msgs__rosidl_typesupport_cExport-noconfig.cmake
[1.561s] -- Up-to-date: /home/xavier/ExoMy_Software/install/exomy_msgs/share/exomy_msgs/cmake/exomy_msgs__rosidl_generator_cppExport.cmake
[1.562s] -- Up-to-date: /home/xavier/ExoMy_Software/install/exomy_msgs/share/exomy_msgs/cmake/exomy_msgs__rosidl_typesupport_introspection_cppExport.cmake
[1.562s] -- Up-to-date: /home/xavier/ExoMy_Software/install/exomy_msgs/share/exomy_msgs/cmake/exomy_msgs__rosidl_typesupport_introspection_cppExport-noconfig.cmake
[1.563s] -- Up-to-date: /home/xavier/ExoMy_Software/install/exomy_msgs/share/exomy_msgs/cmake/exomy_msgs__rosidl_typesupport_cppExport.cmake
[1.563s] -- Up-to-date: /home/xavier/ExoMy_Software/install/exomy_msgs/share/exomy_msgs/cmake/exomy_msgs__rosidl_typesupport_cppExport-noconfig.cmake
[1.564s] -- Up-to-date: /home/xavier/ExoMy_Software/install/exomy_msgs/share/exomy_msgs/cmake/rosidl_cmake-extras.cmake
[1.564s] -- Up-to-date: /home/xavier/ExoMy_Software/install/exomy_msgs/share/exomy_msgs/cmake/ament_cmake_export_dependencies-extras.cmake
[1.564s] -- Up-to-date: /home/xavier/ExoMy_Software/install/exomy_msgs/share/exomy_msgs/cmake/ament_cmake_export_libraries-extras.cmake
[1.565s] -- Up-to-date: /home/xavier/ExoMy_Software/install/exomy_msgs/share/exomy_msgs/cmake/ament_cmake_export_targets-extras.cmake
[1.565s] -- Up-to-date: /home/xavier/ExoMy_Software/install/exomy_msgs/share/exomy_msgs/cmake/ament_cmake_export_include_directories-extras.cmake
[1.566s] -- Up-to-date: /home/xavier/ExoMy_Software/install/exomy_msgs/share/exomy_msgs/cmake/rosidl_cmake_export_typesupport_libraries-extras.cmake
[1.566s] -- Up-to-date: /home/xavier/ExoMy_Software/install/exomy_msgs/share/exomy_msgs/cmake/rosidl_cmake_export_typesupport_targets-extras.cmake
[1.566s] -- Up-to-date: /home/xavier/ExoMy_Software/install/exomy_msgs/share/exomy_msgs/cmake/exomy_msgsConfig.cmake
[1.567s] -- Up-to-date: /home/xavier/ExoMy_Software/install/exomy_msgs/share/exomy_msgs/cmake/exomy_msgsConfig-version.cmake
[1.567s] -- Up-to-date: /home/xavier/ExoMy_Software/install/exomy_msgs/share/exomy_msgs/package.xml
[1.574s] Invoked command in '/home/xavier/ExoMy_Software/build/exomy_msgs' returned '0': CMAKE_PREFIX_PATH=${CMAKE_PREFIX_PATH}:/home/xavier/sensor_msgs_py/install/sensor_msgs_py:/home/xavier/ExoMy_Software/install/exomy:/opt/ros/foxy /usr/bin/cmake --install /home/xavier/ExoMy_Software/build/exomy_msgs
