[0.057s] Invoking command in '/home/xavier/ExoMy_Software/build/exomy_msgs': CMAKE_PREFIX_PATH=${CMAKE_PREFIX_PATH}:/home/xavier/ExoMy_Software/install/exomy:/home/xavier/sensor_msgs_py/install/sensor_msgs_py:/opt/ros/foxy /usr/bin/cmake --build /home/xavier/ExoMy_Software/build/exomy_msgs -- -j8 -l8
[0.287s] [  2%] Built target exomy_msgs__cpp
[0.373s] [ 12%] Built target exomy_msgs__rosidl_generator_c
[0.461s] [ 23%] Built target exomy_msgs__rosidl_typesupport_cpp
[0.547s] [ 34%] Built target exomy_msgs__rosidl_typesupport_introspection_c
[0.638s] [ 44%] Built target exomy_msgs__rosidl_typesupport_c
[0.730s] [ 55%] Built target exomy_msgs__rosidl_typesupport_fastrtps_cpp
[0.821s] [ 65%] Built target exomy_msgs__rosidl_typesupport_introspection_cpp
[0.921s] [ 76%] Built target exomy_msgs__rosidl_typesupport_fastrtps_c
[0.999s] [ 76%] Built target exomy_msgs
[1.076s] [ 78%] Built target exomy_msgs__py
[1.173s] [ 87%] Built target exomy_msgs__python
[1.263s] [ 91%] Built target exomy_msgs__rosidl_typesupport_c__pyext
[1.363s] [ 95%] Built target exomy_msgs__rosidl_typesupport_fastrtps_c__pyext
[1.462s] [100%] Built target exomy_msgs__rosidl_typesupport_introspection_c__pyext
[1.510s] Invoked command in '/home/xavier/ExoMy_Software/build/exomy_msgs' returned '0': CMAKE_PREFIX_PATH=${CMAKE_PREFIX_PATH}:/home/xavier/ExoMy_Software/install/exomy:/home/xavier/sensor_msgs_py/install/sensor_msgs_py:/opt/ros/foxy /usr/bin/cmake --build /home/xavier/ExoMy_Software/build/exomy_msgs -- -j8 -l8
[1.920s] Invoking command in '/home/xavier/ExoMy_Software/build/exomy_msgs': CMAKE_PREFIX_PATH=${CMAKE_PREFIX_PATH}:/home/xavier/ExoMy_Software/install/exomy:/home/xavier/sensor_msgs_py/install/sensor_msgs_py:/opt/ros/foxy /usr/bin/cmake --install /home/xavier/ExoMy_Software/build/exomy_msgs
[1.954s] -- Install configuration: ""
[1.955s] -- Up-to-date: /home/xavier/ExoMy_Software/install/exomy_msgs/share/ament_index/resource_index/rosidl_interfaces/exomy_msgs
[1.956s] -- Up-to-date: /home/xavier/ExoMy_Software/install/exomy_msgs/include/exomy_msgs
[1.957s] -- Up-to-date: /home/xavier/ExoMy_Software/install/exomy_msgs/include/exomy_msgs/msg
[1.957s] -- Up-to-date: /home/xavier/ExoMy_Software/install/exomy_msgs/include/exomy_msgs/msg/rosidl_generator_c__visibility_control.h
[1.957s] -- Up-to-date: /home/xavier/ExoMy_Software/install/exomy_msgs/include/exomy_msgs/msg/motor_commands.h
[1.958s] -- Up-to-date: /home/xavier/ExoMy_Software/install/exomy_msgs/include/exomy_msgs/msg/camera_data.h
[1.958s] -- Up-to-date: /home/xavier/ExoMy_Software/install/exomy_msgs/include/exomy_msgs/msg/detail
[1.959s] -- Up-to-date: /home/xavier/ExoMy_Software/install/exomy_msgs/include/exomy_msgs/msg/detail/camera_data__functions.c
[1.959s] -- Up-to-date: /home/xavier/ExoMy_Software/install/exomy_msgs/include/exomy_msgs/msg/detail/actions__struct.h
[1.959s] -- Up-to-date: /home/xavier/ExoMy_Software/install/exomy_msgs/include/exomy_msgs/msg/detail/actions__type_support.h
[1.960s] -- Up-to-date: /home/xavier/ExoMy_Software/install/exomy_msgs/include/exomy_msgs/msg/detail/camera_data__functions.h
[1.960s] -- Up-to-date: /home/xavier/ExoMy_Software/install/exomy_msgs/include/exomy_msgs/msg/detail/actions__functions.h
[1.961s] -- Up-to-date: /home/xavier/ExoMy_Software/install/exomy_msgs/include/exomy_msgs/msg/detail/motor_commands__struct.h
[1.961s] -- Up-to-date: /home/xavier/ExoMy_Software/install/exomy_msgs/include/exomy_msgs/msg/detail/actions__functions.c
[1.961s] -- Up-to-date: /home/xavier/ExoMy_Software/install/exomy_msgs/include/exomy_msgs/msg/detail/motor_commands__type_support.h
[1.962s] -- Up-to-date: /home/xavier/ExoMy_Software/install/exomy_msgs/include/exomy_msgs/msg/detail/motor_commands__functions.h
[1.962s] -- Up-to-date: /home/xavier/ExoMy_Software/install/exomy_msgs/include/exomy_msgs/msg/detail/camera_data__type_support.h
[1.962s] -- Up-to-date: /home/xavier/ExoMy_Software/install/exomy_msgs/include/exomy_msgs/msg/detail/motor_commands__functions.c
[1.962s] -- Up-to-date: /home/xavier/ExoMy_Software/install/exomy_msgs/include/exomy_msgs/msg/detail/camera_data__struct.h
[1.963s] -- Up-to-date: /home/xavier/ExoMy_Software/install/exomy_msgs/include/exomy_msgs/msg/actions.h
[1.965s] -- Up-to-date: /home/xavier/ExoMy_Software/install/exomy_msgs/share/exomy_msgs/environment/library_path.sh
[1.965s] -- Up-to-date: /home/xavier/ExoMy_Software/install/exomy_msgs/share/exomy_msgs/environment/library_path.dsv
[1.966s] -- Up-to-date: /home/xavier/ExoMy_Software/install/exomy_msgs/lib/libexomy_msgs__rosidl_generator_c.so
[1.967s] -- Up-to-date: /home/xavier/ExoMy_Software/install/exomy_msgs/include/exomy_msgs
[1.968s] -- Up-to-date: /home/xavier/ExoMy_Software/install/exomy_msgs/include/exomy_msgs/msg
[1.970s] -- Up-to-date: /home/xavier/ExoMy_Software/install/exomy_msgs/include/exomy_msgs/msg/rosidl_typesupport_fastrtps_c__visibility_control.h
[1.972s] -- Up-to-date: /home/xavier/ExoMy_Software/install/exomy_msgs/include/exomy_msgs/msg/detail
[1.973s] -- Up-to-date: /home/xavier/ExoMy_Software/install/exomy_msgs/include/exomy_msgs/msg/detail/camera_data__rosidl_typesupport_fastrtps_c.h
[1.974s] -- Up-to-date: /home/xavier/ExoMy_Software/install/exomy_msgs/include/exomy_msgs/msg/detail/motor_commands__rosidl_typesupport_fastrtps_c.h
[1.976s] -- Up-to-date: /home/xavier/ExoMy_Software/install/exomy_msgs/include/exomy_msgs/msg/detail/actions__rosidl_typesupport_fastrtps_c.h
[1.976s] -- Up-to-date: /home/xavier/ExoMy_Software/install/exomy_msgs/lib/libexomy_msgs__rosidl_typesupport_fastrtps_c.so
[1.979s] -- Up-to-date: /home/xavier/ExoMy_Software/install/exomy_msgs/include/exomy_msgs
[1.980s] -- Up-to-date: /home/xavier/ExoMy_Software/install/exomy_msgs/include/exomy_msgs/msg
[1.980s] -- Up-to-date: /home/xavier/ExoMy_Software/install/exomy_msgs/include/exomy_msgs/msg/detail
[1.981s] -- Up-to-date: /home/xavier/ExoMy_Software/install/exomy_msgs/include/exomy_msgs/msg/detail/dds_fastrtps
[1.981s] -- Up-to-date: /home/xavier/ExoMy_Software/install/exomy_msgs/include/exomy_msgs/msg/detail/motor_commands__rosidl_typesupport_fastrtps_cpp.hpp
[1.981s] -- Up-to-date: /home/xavier/ExoMy_Software/install/exomy_msgs/include/exomy_msgs/msg/detail/camera_data__rosidl_typesupport_fastrtps_cpp.hpp
[1.982s] -- Up-to-date: /home/xavier/ExoMy_Software/install/exomy_msgs/include/exomy_msgs/msg/detail/actions__rosidl_typesupport_fastrtps_cpp.hpp
[1.982s] -- Up-to-date: /home/xavier/ExoMy_Software/install/exomy_msgs/include/exomy_msgs/msg/rosidl_typesupport_fastrtps_cpp__visibility_control.h
[1.983s] -- Up-to-date: /home/xavier/ExoMy_Software/install/exomy_msgs/lib/libexomy_msgs__rosidl_typesupport_fastrtps_cpp.so
[1.983s] -- Up-to-date: /home/xavier/ExoMy_Software/install/exomy_msgs/include/exomy_msgs
[1.983s] -- Up-to-date: /home/xavier/ExoMy_Software/install/exomy_msgs/include/exomy_msgs/msg
[1.984s] -- Up-to-date: /home/xavier/ExoMy_Software/install/exomy_msgs/include/exomy_msgs/msg/rosidl_typesupport_introspection_c__visibility_control.h
[1.984s] -- Up-to-date: /home/xavier/ExoMy_Software/install/exomy_msgs/include/exomy_msgs/msg/detail
[1.984s] -- Up-to-date: /home/xavier/ExoMy_Software/install/exomy_msgs/include/exomy_msgs/msg/detail/actions__rosidl_typesupport_introspection_c.h
[1.985s] -- Up-to-date: /home/xavier/ExoMy_Software/install/exomy_msgs/include/exomy_msgs/msg/detail/motor_commands__rosidl_typesupport_introspection_c.h
[1.985s] -- Up-to-date: /home/xavier/ExoMy_Software/install/exomy_msgs/include/exomy_msgs/msg/detail/actions__type_support.c
[1.985s] -- Up-to-date: /home/xavier/ExoMy_Software/install/exomy_msgs/include/exomy_msgs/msg/detail/camera_data__type_support.c
[1.986s] -- Up-to-date: /home/xavier/ExoMy_Software/install/exomy_msgs/include/exomy_msgs/msg/detail/motor_commands__type_support.c
[1.986s] -- Up-to-date: /home/xavier/ExoMy_Software/install/exomy_msgs/include/exomy_msgs/msg/detail/camera_data__rosidl_typesupport_introspection_c.h
[1.986s] -- Up-to-date: /home/xavier/ExoMy_Software/install/exomy_msgs/lib/libexomy_msgs__rosidl_typesupport_introspection_c.so
[1.987s] -- Up-to-date: /home/xavier/ExoMy_Software/install/exomy_msgs/lib/libexomy_msgs__rosidl_typesupport_c.so
[1.987s] -- Up-to-date: /home/xavier/ExoMy_Software/install/exomy_msgs/include/exomy_msgs
[1.987s] -- Up-to-date: /home/xavier/ExoMy_Software/install/exomy_msgs/include/exomy_msgs/msg
[1.987s] -- Up-to-date: /home/xavier/ExoMy_Software/install/exomy_msgs/include/exomy_msgs/msg/camera_data.hpp
[1.988s] -- Up-to-date: /home/xavier/ExoMy_Software/install/exomy_msgs/include/exomy_msgs/msg/detail
[1.988s] -- Up-to-date: /home/xavier/ExoMy_Software/install/exomy_msgs/include/exomy_msgs/msg/detail/camera_data__struct.hpp
[1.988s] -- Up-to-date: /home/xavier/ExoMy_Software/install/exomy_msgs/include/exomy_msgs/msg/detail/motor_commands__struct.hpp
[1.989s] -- Up-to-date: /home/xavier/ExoMy_Software/install/exomy_msgs/include/exomy_msgs/msg/detail/camera_data__traits.hpp
[1.989s] -- Up-to-date: /home/xavier/ExoMy_Software/install/exomy_msgs/include/exomy_msgs/msg/detail/actions__builder.hpp
[1.989s] -- Up-to-date: /home/xavier/ExoMy_Software/install/exomy_msgs/include/exomy_msgs/msg/detail/camera_data__builder.hpp
[1.989s] -- Up-to-date: /home/xavier/ExoMy_Software/install/exomy_msgs/include/exomy_msgs/msg/detail/actions__traits.hpp
[1.990s] -- Up-to-date: /home/xavier/ExoMy_Software/install/exomy_msgs/include/exomy_msgs/msg/detail/actions__struct.hpp
[1.990s] -- Up-to-date: /home/xavier/ExoMy_Software/install/exomy_msgs/include/exomy_msgs/msg/detail/motor_commands__builder.hpp
[1.990s] -- Up-to-date: /home/xavier/ExoMy_Software/install/exomy_msgs/include/exomy_msgs/msg/detail/motor_commands__traits.hpp
[1.991s] -- Up-to-date: /home/xavier/ExoMy_Software/install/exomy_msgs/include/exomy_msgs/msg/actions.hpp
[1.991s] -- Up-to-date: /home/xavier/ExoMy_Software/install/exomy_msgs/include/exomy_msgs/msg/motor_commands.hpp
[1.991s] -- Up-to-date: /home/xavier/ExoMy_Software/install/exomy_msgs/include/exomy_msgs
[1.991s] -- Up-to-date: /home/xavier/ExoMy_Software/install/exomy_msgs/include/exomy_msgs/msg
[1.992s] -- Up-to-date: /home/xavier/ExoMy_Software/install/exomy_msgs/include/exomy_msgs/msg/detail
[1.992s] -- Up-to-date: /home/xavier/ExoMy_Software/install/exomy_msgs/include/exomy_msgs/msg/detail/camera_data__type_support.cpp
[1.992s] -- Up-to-date: /home/xavier/ExoMy_Software/install/exomy_msgs/include/exomy_msgs/msg/detail/actions__rosidl_typesupport_introspection_cpp.hpp
[1.993s] -- Up-to-date: /home/xavier/ExoMy_Software/install/exomy_msgs/include/exomy_msgs/msg/detail/actions__type_support.cpp
[1.993s] -- Up-to-date: /home/xavier/ExoMy_Software/install/exomy_msgs/include/exomy_msgs/msg/detail/camera_data__rosidl_typesupport_introspection_cpp.hpp
[1.993s] -- Up-to-date: /home/xavier/ExoMy_Software/install/exomy_msgs/include/exomy_msgs/msg/detail/motor_commands__rosidl_typesupport_introspection_cpp.hpp
[1.993s] -- Up-to-date: /home/xavier/ExoMy_Software/install/exomy_msgs/include/exomy_msgs/msg/detail/motor_commands__type_support.cpp
[1.994s] -- Up-to-date: /home/xavier/ExoMy_Software/install/exomy_msgs/lib/libexomy_msgs__rosidl_typesupport_introspection_cpp.so
[1.994s] -- Up-to-date: /home/xavier/ExoMy_Software/install/exomy_msgs/lib/libexomy_msgs__rosidl_typesupport_cpp.so
[1.994s] -- Up-to-date: /home/xavier/ExoMy_Software/install/exomy_msgs/share/exomy_msgs/environment/pythonpath.sh
[1.994s] -- Up-to-date: /home/xavier/ExoMy_Software/install/exomy_msgs/share/exomy_msgs/environment/pythonpath.dsv
[1.995s] -- Up-to-date: /home/xavier/ExoMy_Software/install/exomy_msgs/lib/python3.8/site-packages/exomy_msgs/__init__.py
[2.336s] -- Up-to-date: /home/xavier/ExoMy_Software/install/exomy_msgs/lib/python3.8/site-packages/exomy_msgs/msg
[2.337s] -- Up-to-date: /home/xavier/ExoMy_Software/install/exomy_msgs/lib/python3.8/site-packages/exomy_msgs/msg/_motor_commands.py
[2.338s] -- Up-to-date: /home/xavier/ExoMy_Software/install/exomy_msgs/lib/python3.8/site-packages/exomy_msgs/msg/_actions.py
[2.338s] -- Up-to-date: /home/xavier/ExoMy_Software/install/exomy_msgs/lib/python3.8/site-packages/exomy_msgs/msg/__init__.py
[2.338s] -- Up-to-date: /home/xavier/ExoMy_Software/install/exomy_msgs/lib/python3.8/site-packages/exomy_msgs/msg/_actions_s.c
[2.339s] -- Up-to-date: /home/xavier/ExoMy_Software/install/exomy_msgs/lib/python3.8/site-packages/exomy_msgs/msg/_camera_data.py
[2.339s] -- Up-to-date: /home/xavier/ExoMy_Software/install/exomy_msgs/lib/python3.8/site-packages/exomy_msgs/msg/_camera_data_s.c
[2.340s] -- Up-to-date: /home/xavier/ExoMy_Software/install/exomy_msgs/lib/python3.8/site-packages/exomy_msgs/msg/_motor_commands_s.c
[2.340s] -- Up-to-date: /home/xavier/ExoMy_Software/install/exomy_msgs/lib/python3.8/site-packages/exomy_msgs/exomy_msgs_s__rosidl_typesupport_fastrtps_c.cpython-38-aarch64-linux-gnu.so
[2.341s] -- Up-to-date: /home/xavier/ExoMy_Software/install/exomy_msgs/lib/python3.8/site-packages/exomy_msgs/exomy_msgs_s__rosidl_typesupport_introspection_c.cpython-38-aarch64-linux-gnu.so
[2.342s] -- Up-to-date: /home/xavier/ExoMy_Software/install/exomy_msgs/lib/python3.8/site-packages/exomy_msgs/exomy_msgs_s__rosidl_typesupport_c.cpython-38-aarch64-linux-gnu.so
[2.345s] -- Up-to-date: /home/xavier/ExoMy_Software/install/exomy_msgs/lib/libexomy_msgs__python.so
[2.347s] -- Up-to-date: /home/xavier/ExoMy_Software/install/exomy_msgs/share/exomy_msgs/msg/Actions.idl
[2.349s] -- Up-to-date: /home/xavier/ExoMy_Software/install/exomy_msgs/share/exomy_msgs/msg/CameraData.idl
[2.349s] -- Up-to-date: /home/xavier/ExoMy_Software/install/exomy_msgs/share/exomy_msgs/msg/MotorCommands.idl
[2.350s] -- Up-to-date: /home/xavier/ExoMy_Software/install/exomy_msgs/share/exomy_msgs/msg/Actions.msg
[2.351s] -- Up-to-date: /home/xavier/ExoMy_Software/install/exomy_msgs/share/exomy_msgs/msg/CameraData.msg
[2.352s] -- Up-to-date: /home/xavier/ExoMy_Software/install/exomy_msgs/share/exomy_msgs/msg/MotorCommands.msg
[2.353s] -- Up-to-date: /home/xavier/ExoMy_Software/install/exomy_msgs/share/ament_index/resource_index/package_run_dependencies/exomy_msgs
[2.354s] -- Up-to-date: /home/xavier/ExoMy_Software/install/exomy_msgs/share/ament_index/resource_index/parent_prefix_path/exomy_msgs
[2.354s] -- Up-to-date: /home/xavier/ExoMy_Software/install/exomy_msgs/share/exomy_msgs/environment/ament_prefix_path.sh
[2.354s] -- Up-to-date: /home/xavier/ExoMy_Software/install/exomy_msgs/share/exomy_msgs/environment/ament_prefix_path.dsv
[2.355s] -- Up-to-date: /home/xavier/ExoMy_Software/install/exomy_msgs/share/exomy_msgs/environment/path.sh
[2.356s] -- Up-to-date: /home/xavier/ExoMy_Software/install/exomy_msgs/share/exomy_msgs/environment/path.dsv
[2.356s] -- Up-to-date: /home/xavier/ExoMy_Software/install/exomy_msgs/share/exomy_msgs/local_setup.bash
[2.357s] -- Up-to-date: /home/xavier/ExoMy_Software/install/exomy_msgs/share/exomy_msgs/local_setup.sh
[2.357s] -- Up-to-date: /home/xavier/ExoMy_Software/install/exomy_msgs/share/exomy_msgs/local_setup.zsh
[2.358s] -- Up-to-date: /home/xavier/ExoMy_Software/install/exomy_msgs/share/exomy_msgs/local_setup.dsv
[2.358s] -- Installing: /home/xavier/ExoMy_Software/install/exomy_msgs/share/exomy_msgs/package.dsv
[2.358s] -- Up-to-date: /home/xavier/ExoMy_Software/install/exomy_msgs/share/ament_index/resource_index/packages/exomy_msgs
[2.359s] -- Up-to-date: /home/xavier/ExoMy_Software/install/exomy_msgs/share/exomy_msgs/cmake/exomy_msgs__rosidl_generator_cExport.cmake
[2.359s] -- Up-to-date: /home/xavier/ExoMy_Software/install/exomy_msgs/share/exomy_msgs/cmake/exomy_msgs__rosidl_generator_cExport-noconfig.cmake
[2.360s] -- Up-to-date: /home/xavier/ExoMy_Software/install/exomy_msgs/share/exomy_msgs/cmake/exomy_msgs__rosidl_typesupport_introspection_cExport.cmake
[2.360s] -- Up-to-date: /home/xavier/ExoMy_Software/install/exomy_msgs/share/exomy_msgs/cmake/exomy_msgs__rosidl_typesupport_introspection_cExport-noconfig.cmake
[2.361s] -- Up-to-date: /home/xavier/ExoMy_Software/install/exomy_msgs/share/exomy_msgs/cmake/exomy_msgs__rosidl_typesupport_cExport.cmake
[2.362s] -- Up-to-date: /home/xavier/ExoMy_Software/install/exomy_msgs/share/exomy_msgs/cmake/exomy_msgs__rosidl_typesupport_cExport-noconfig.cmake
[2.362s] -- Up-to-date: /home/xavier/ExoMy_Software/install/exomy_msgs/share/exomy_msgs/cmake/exomy_msgs__rosidl_generator_cppExport.cmake
[2.363s] -- Up-to-date: /home/xavier/ExoMy_Software/install/exomy_msgs/share/exomy_msgs/cmake/exomy_msgs__rosidl_typesupport_introspection_cppExport.cmake
[2.363s] -- Up-to-date: /home/xavier/ExoMy_Software/install/exomy_msgs/share/exomy_msgs/cmake/exomy_msgs__rosidl_typesupport_introspection_cppExport-noconfig.cmake
[2.363s] -- Up-to-date: /home/xavier/ExoMy_Software/install/exomy_msgs/share/exomy_msgs/cmake/exomy_msgs__rosidl_typesupport_cppExport.cmake
[2.363s] -- Up-to-date: /home/xavier/ExoMy_Software/install/exomy_msgs/share/exomy_msgs/cmake/exomy_msgs__rosidl_typesupport_cppExport-noconfig.cmake
[2.364s] -- Up-to-date: /home/xavier/ExoMy_Software/install/exomy_msgs/share/exomy_msgs/cmake/rosidl_cmake-extras.cmake
[2.364s] -- Up-to-date: /home/xavier/ExoMy_Software/install/exomy_msgs/share/exomy_msgs/cmake/ament_cmake_export_dependencies-extras.cmake
[2.364s] -- Up-to-date: /home/xavier/ExoMy_Software/install/exomy_msgs/share/exomy_msgs/cmake/ament_cmake_export_libraries-extras.cmake
[2.365s] -- Up-to-date: /home/xavier/ExoMy_Software/install/exomy_msgs/share/exomy_msgs/cmake/ament_cmake_export_targets-extras.cmake
[2.365s] -- Up-to-date: /home/xavier/ExoMy_Software/install/exomy_msgs/share/exomy_msgs/cmake/ament_cmake_export_include_directories-extras.cmake
[2.366s] -- Up-to-date: /home/xavier/ExoMy_Software/install/exomy_msgs/share/exomy_msgs/cmake/rosidl_cmake_export_typesupport_libraries-extras.cmake
[2.367s] -- Up-to-date: /home/xavier/ExoMy_Software/install/exomy_msgs/share/exomy_msgs/cmake/rosidl_cmake_export_typesupport_targets-extras.cmake
[2.367s] -- Up-to-date: /home/xavier/ExoMy_Software/install/exomy_msgs/share/exomy_msgs/cmake/exomy_msgsConfig.cmake
[2.367s] -- Up-to-date: /home/xavier/ExoMy_Software/install/exomy_msgs/share/exomy_msgs/cmake/exomy_msgsConfig-version.cmake
[2.368s] -- Up-to-date: /home/xavier/ExoMy_Software/install/exomy_msgs/share/exomy_msgs/package.xml
[2.376s] Invoked command in '/home/xavier/ExoMy_Software/build/exomy_msgs' returned '0': CMAKE_PREFIX_PATH=${CMAKE_PREFIX_PATH}:/home/xavier/ExoMy_Software/install/exomy:/home/xavier/sensor_msgs_py/install/sensor_msgs_py:/opt/ros/foxy /usr/bin/cmake --install /home/xavier/ExoMy_Software/build/exomy_msgs
