/home/xavier/ExoMy_Software/install/exomy/lib/python3.8/site-packages/exomy/Camera_node.py
/home/xavier/ExoMy_Software/install/exomy/lib/python3.8/site-packages/exomy/gamepad_parser_node_backup.py
/home/xavier/ExoMy_Software/install/exomy/lib/python3.8/site-packages/exomy/Kinematics_node.py
/home/xavier/ExoMy_Software/install/exomy/lib/python3.8/site-packages/exomy/__init__.py
/home/xavier/ExoMy_Software/install/exomy/lib/python3.8/site-packages/exomy/motor_node.py
/home/xavier/ExoMy_Software/install/exomy/lib/python3.8/site-packages/exomy/RLModel_node.py
/home/xavier/ExoMy_Software/install/exomy/lib/python3.8/site-packages/exomy/gamepad_parser_node.py
/home/xavier/ExoMy_Software/install/exomy/lib/python3.8/site-packages/exomy/__pycache__/Camera_node.cpython-38.pyc
/home/xavier/ExoMy_Software/install/exomy/lib/python3.8/site-packages/exomy/__pycache__/gamepad_parser_node_backup.cpython-38.pyc
/home/xavier/ExoMy_Software/install/exomy/lib/python3.8/site-packages/exomy/__pycache__/Kinematics_node.cpython-38.pyc
/home/xavier/ExoMy_Software/install/exomy/lib/python3.8/site-packages/exomy/__pycache__/__init__.cpython-38.pyc
/home/xavier/ExoMy_Software/install/exomy/lib/python3.8/site-packages/exomy/__pycache__/motor_node.cpython-38.pyc
/home/xavier/ExoMy_Software/install/exomy/lib/python3.8/site-packages/exomy/__pycache__/RLModel_node.cpython-38.pyc
/home/xavier/ExoMy_Software/install/exomy/lib/python3.8/site-packages/exomy/__pycache__/gamepad_parser_node.cpython-38.pyc
/home/xavier/ExoMy_Software/install/exomy/share/ament_index/resource_index/packages/exomy
/home/xavier/ExoMy_Software/install/exomy/share/exomy/package.xml
/home/xavier/ExoMy_Software/install/exomy/share/exomy/exomy.launch.py
/home/xavier/ExoMy_Software/install/exomy/share/exomy/exomy.yaml
/home/xavier/ExoMy_Software/install/exomy/lib/python3.8/site-packages/exomy-2.0.0-py3.8.egg-info/requires.txt
/home/xavier/ExoMy_Software/install/exomy/lib/python3.8/site-packages/exomy-2.0.0-py3.8.egg-info/zip-safe
/home/xavier/ExoMy_Software/install/exomy/lib/python3.8/site-packages/exomy-2.0.0-py3.8.egg-info/top_level.txt
/home/xavier/ExoMy_Software/install/exomy/lib/python3.8/site-packages/exomy-2.0.0-py3.8.egg-info/PKG-INFO
/home/xavier/ExoMy_Software/install/exomy/lib/python3.8/site-packages/exomy-2.0.0-py3.8.egg-info/entry_points.txt
/home/xavier/ExoMy_Software/install/exomy/lib/python3.8/site-packages/exomy-2.0.0-py3.8.egg-info/dependency_links.txt
/home/xavier/ExoMy_Software/install/exomy/lib/python3.8/site-packages/exomy-2.0.0-py3.8.egg-info/SOURCES.txt
/home/xavier/ExoMy_Software/install/exomy/lib/exomy/Camera_node
/home/xavier/ExoMy_Software/install/exomy/lib/exomy/Kinematics_node
/home/xavier/ExoMy_Software/install/exomy/lib/exomy/RLModel_node
/home/xavier/ExoMy_Software/install/exomy/lib/exomy/gamepad_parser_node
/home/xavier/ExoMy_Software/install/exomy/lib/exomy/motor_node
