[2.677s] Invoking command in '/home/xavier/ExoMy_Software/exomy': AMENT_PREFIX_PATH=/home/xavier/ExoMy_Software/install/exomy_msgs:${AMENT_PREFIX_PATH} CMAKE_PREFIX_PATH=/home/xavier/ExoMy_Software/install/exomy_msgs LD_LIBRARY_PATH=/home/xavier/ExoMy_Software/install/exomy_msgs/lib:/usr/local/cuda-11.4/lib64:/opt/ros/foxy/opt/yaml_cpp_vendor/lib:/opt/ros/foxy/opt/rviz_ogre_vendor/lib:/opt/ros/foxy/lib/aarch64-linux-gnu:/opt/ros/foxy/lib:/usr/local/cuda-11.4/lib64 PYTHONPATH=/home/xavier/ExoMy_Software/install/exomy/lib/python3.8/site-packages:/home/xavier/ExoMy_Software/install/exomy_msgs/lib/python3.8/site-packages:${PYTHONPATH} /usr/bin/python3 setup.py egg_info --egg-base ../build/exomy build --build-base /home/xavier/ExoMy_Software/build/exomy/build install --prefix /home/xavier/ExoMy_Software/install/exomy --record /home/xavier/ExoMy_Software/build/exomy/install.log --single-version-externally-managed
[3.399s] running egg_info
[3.402s] writing ../build/exomy/exomy.egg-info/PKG-INFO
[3.403s] writing dependency_links to ../build/exomy/exomy.egg-info/dependency_links.txt
[3.404s] writing entry points to ../build/exomy/exomy.egg-info/entry_points.txt
[3.405s] writing requirements to ../build/exomy/exomy.egg-info/requires.txt
[3.405s] writing top-level names to ../build/exomy/exomy.egg-info/top_level.txt
[3.541s] reading manifest file '../build/exomy/exomy.egg-info/SOURCES.txt'
[3.547s] writing manifest file '../build/exomy/exomy.egg-info/SOURCES.txt'
[3.547s] running build
[3.548s] running build_py
[3.549s] running install
[3.552s] running install_lib
[3.558s] running install_data
[3.560s] running install_egg_info
[3.566s] removing '/home/xavier/ExoMy_Software/install/exomy/lib/python3.8/site-packages/exomy-2.0.0-py3.8.egg-info' (and everything under it)
[3.570s] Copying ../build/exomy/exomy.egg-info to /home/xavier/ExoMy_Software/install/exomy/lib/python3.8/site-packages/exomy-2.0.0-py3.8.egg-info
[3.575s] running install_scripts
[3.633s] Installing Camera_node script to /home/xavier/ExoMy_Software/install/exomy/lib/exomy
[3.633s] Installing Kinematics_node script to /home/xavier/ExoMy_Software/install/exomy/lib/exomy
[3.635s] Installing RLModel_node script to /home/xavier/ExoMy_Software/install/exomy/lib/exomy
[3.635s] Installing gamepad_parser_node script to /home/xavier/ExoMy_Software/install/exomy/lib/exomy
[3.636s] Installing motor_node script to /home/xavier/ExoMy_Software/install/exomy/lib/exomy
[3.638s] writing list of installed files to '/home/xavier/ExoMy_Software/build/exomy/install.log'
[3.718s] Invoked command in '/home/xavier/ExoMy_Software/exomy' returned '0': AMENT_PREFIX_PATH=/home/xavier/ExoMy_Software/install/exomy_msgs:${AMENT_PREFIX_PATH} CMAKE_PREFIX_PATH=/home/xavier/ExoMy_Software/install/exomy_msgs LD_LIBRARY_PATH=/home/xavier/ExoMy_Software/install/exomy_msgs/lib:/usr/local/cuda-11.4/lib64:/opt/ros/foxy/opt/yaml_cpp_vendor/lib:/opt/ros/foxy/opt/rviz_ogre_vendor/lib:/opt/ros/foxy/lib/aarch64-linux-gnu:/opt/ros/foxy/lib:/usr/local/cuda-11.4/lib64 PYTHONPATH=/home/xavier/ExoMy_Software/install/exomy/lib/python3.8/site-packages:/home/xavier/ExoMy_Software/install/exomy_msgs/lib/python3.8/site-packages:${PYTHONPATH} /usr/bin/python3 setup.py egg_info --egg-base ../build/exomy build --build-base /home/xavier/ExoMy_Software/build/exomy/build install --prefix /home/xavier/ExoMy_Software/install/exomy --record /home/xavier/ExoMy_Software/build/exomy/install.log --single-version-externally-managed
