[0.065s] Invoking command in '/home/xavier/ExoMy_Software/build/exomy_msgs': CMAKE_PREFIX_PATH=${CMAKE_PREFIX_PATH}:/home/xavier/sensor_msgs_py/install/sensor_msgs_py:/home/xavier/ExoMy_Software/install/exomy:/opt/ros/foxy /usr/bin/cmake --build /home/xavier/ExoMy_Software/build/exomy_msgs -- -j8 -l8
[0.247s] [  2%] Built target exomy_msgs__cpp
[0.323s] [ 12%] Built target exomy_msgs__rosidl_generator_c
[0.398s] [ 23%] Built target exomy_msgs__rosidl_typesupport_cpp
[0.476s] [ 34%] Built target exomy_msgs__rosidl_typesupport_introspection_c
[0.557s] [ 44%] Built target exomy_msgs__rosidl_typesupport_c
[0.646s] [ 55%] Built target exomy_msgs__rosidl_typesupport_fastrtps_cpp
[0.725s] [ 65%] Built target exomy_msgs__rosidl_typesupport_introspection_cpp
[0.809s] [ 76%] Built target exomy_msgs__rosidl_typesupport_fastrtps_c
[0.880s] [ 76%] Built target exomy_msgs
[0.948s] [ 78%] Built target exomy_msgs__py
[1.038s] [ 87%] Built target exomy_msgs__python
[1.125s] [ 91%] Built target exomy_msgs__rosidl_typesupport_c__pyext
[1.213s] [ 95%] Built target exomy_msgs__rosidl_typesupport_fastrtps_c__pyext
[1.300s] [100%] Built target exomy_msgs__rosidl_typesupport_introspection_c__pyext
[1.346s] Invoked command in '/home/xavier/ExoMy_Software/build/exomy_msgs' returned '0': CMAKE_PREFIX_PATH=${CMAKE_PREFIX_PATH}:/home/xavier/sensor_msgs_py/install/sensor_msgs_py:/home/xavier/ExoMy_Software/install/exomy:/opt/ros/foxy /usr/bin/cmake --build /home/xavier/ExoMy_Software/build/exomy_msgs -- -j8 -l8
[1.679s] Invoking command in '/home/xavier/ExoMy_Software/build/exomy_msgs': CMAKE_PREFIX_PATH=${CMAKE_PREFIX_PATH}:/home/xavier/sensor_msgs_py/install/sensor_msgs_py:/home/xavier/ExoMy_Software/install/exomy:/opt/ros/foxy /usr/bin/cmake --install /home/xavier/ExoMy_Software/build/exomy_msgs
[1.708s] -- Install configuration: ""
[1.709s] -- Up-to-date: /home/xavier/ExoMy_Software/install/exomy_msgs/share/ament_index/resource_index/rosidl_interfaces/exomy_msgs
[1.709s] -- Up-to-date: /home/xavier/ExoMy_Software/install/exomy_msgs/include/exomy_msgs
[1.710s] -- Up-to-date: /home/xavier/ExoMy_Software/install/exomy_msgs/include/exomy_msgs/msg
[1.710s] -- Up-to-date: /home/xavier/ExoMy_Software/install/exomy_msgs/include/exomy_msgs/msg/rosidl_generator_c__visibility_control.h
[1.710s] -- Up-to-date: /home/xavier/ExoMy_Software/install/exomy_msgs/include/exomy_msgs/msg/motor_commands.h
[1.711s] -- Up-to-date: /home/xavier/ExoMy_Software/install/exomy_msgs/include/exomy_msgs/msg/camera_data.h
[1.711s] -- Up-to-date: /home/xavier/ExoMy_Software/install/exomy_msgs/include/exomy_msgs/msg/detail
[1.711s] -- Up-to-date: /home/xavier/ExoMy_Software/install/exomy_msgs/include/exomy_msgs/msg/detail/camera_data__functions.c
[1.712s] -- Up-to-date: /home/xavier/ExoMy_Software/install/exomy_msgs/include/exomy_msgs/msg/detail/actions__struct.h
[1.712s] -- Up-to-date: /home/xavier/ExoMy_Software/install/exomy_msgs/include/exomy_msgs/msg/detail/actions__type_support.h
[1.712s] -- Up-to-date: /home/xavier/ExoMy_Software/install/exomy_msgs/include/exomy_msgs/msg/detail/camera_data__functions.h
[1.713s] -- Up-to-date: /home/xavier/ExoMy_Software/install/exomy_msgs/include/exomy_msgs/msg/detail/actions__functions.h
[1.713s] -- Up-to-date: /home/xavier/ExoMy_Software/install/exomy_msgs/include/exomy_msgs/msg/detail/motor_commands__struct.h
[1.714s] -- Up-to-date: /home/xavier/ExoMy_Software/install/exomy_msgs/include/exomy_msgs/msg/detail/actions__functions.c
[1.714s] -- Up-to-date: /home/xavier/ExoMy_Software/install/exomy_msgs/include/exomy_msgs/msg/detail/motor_commands__type_support.h
[1.715s] -- Up-to-date: /home/xavier/ExoMy_Software/install/exomy_msgs/include/exomy_msgs/msg/detail/motor_commands__functions.h
[1.715s] -- Up-to-date: /home/xavier/ExoMy_Software/install/exomy_msgs/include/exomy_msgs/msg/detail/camera_data__type_support.h
[1.715s] -- Up-to-date: /home/xavier/ExoMy_Software/install/exomy_msgs/include/exomy_msgs/msg/detail/motor_commands__functions.c
[1.716s] -- Up-to-date: /home/xavier/ExoMy_Software/install/exomy_msgs/include/exomy_msgs/msg/detail/camera_data__struct.h
[1.716s] -- Up-to-date: /home/xavier/ExoMy_Software/install/exomy_msgs/include/exomy_msgs/msg/actions.h
[1.716s] -- Up-to-date: /home/xavier/ExoMy_Software/install/exomy_msgs/share/exomy_msgs/environment/library_path.sh
[1.716s] -- Up-to-date: /home/xavier/ExoMy_Software/install/exomy_msgs/share/exomy_msgs/environment/library_path.dsv
[1.717s] -- Up-to-date: /home/xavier/ExoMy_Software/install/exomy_msgs/lib/libexomy_msgs__rosidl_generator_c.so
[1.717s] -- Up-to-date: /home/xavier/ExoMy_Software/install/exomy_msgs/include/exomy_msgs
[1.718s] -- Up-to-date: /home/xavier/ExoMy_Software/install/exomy_msgs/include/exomy_msgs/msg
[1.718s] -- Up-to-date: /home/xavier/ExoMy_Software/install/exomy_msgs/include/exomy_msgs/msg/rosidl_typesupport_fastrtps_c__visibility_control.h
[1.718s] -- Up-to-date: /home/xavier/ExoMy_Software/install/exomy_msgs/include/exomy_msgs/msg/detail
[1.719s] -- Up-to-date: /home/xavier/ExoMy_Software/install/exomy_msgs/include/exomy_msgs/msg/detail/camera_data__rosidl_typesupport_fastrtps_c.h
[1.719s] -- Up-to-date: /home/xavier/ExoMy_Software/install/exomy_msgs/include/exomy_msgs/msg/detail/motor_commands__rosidl_typesupport_fastrtps_c.h
[1.719s] -- Up-to-date: /home/xavier/ExoMy_Software/install/exomy_msgs/include/exomy_msgs/msg/detail/actions__rosidl_typesupport_fastrtps_c.h
[1.720s] -- Up-to-date: /home/xavier/ExoMy_Software/install/exomy_msgs/lib/libexomy_msgs__rosidl_typesupport_fastrtps_c.so
[1.720s] -- Up-to-date: /home/xavier/ExoMy_Software/install/exomy_msgs/include/exomy_msgs
[1.720s] -- Up-to-date: /home/xavier/ExoMy_Software/install/exomy_msgs/include/exomy_msgs/msg
[1.721s] -- Up-to-date: /home/xavier/ExoMy_Software/install/exomy_msgs/include/exomy_msgs/msg/detail
[1.721s] -- Up-to-date: /home/xavier/ExoMy_Software/install/exomy_msgs/include/exomy_msgs/msg/detail/dds_fastrtps
[1.722s] -- Up-to-date: /home/xavier/ExoMy_Software/install/exomy_msgs/include/exomy_msgs/msg/detail/motor_commands__rosidl_typesupport_fastrtps_cpp.hpp
[1.723s] -- Up-to-date: /home/xavier/ExoMy_Software/install/exomy_msgs/include/exomy_msgs/msg/detail/camera_data__rosidl_typesupport_fastrtps_cpp.hpp
[1.724s] -- Up-to-date: /home/xavier/ExoMy_Software/install/exomy_msgs/include/exomy_msgs/msg/detail/actions__rosidl_typesupport_fastrtps_cpp.hpp
[1.724s] -- Up-to-date: /home/xavier/ExoMy_Software/install/exomy_msgs/include/exomy_msgs/msg/rosidl_typesupport_fastrtps_cpp__visibility_control.h
[1.724s] -- Up-to-date: /home/xavier/ExoMy_Software/install/exomy_msgs/lib/libexomy_msgs__rosidl_typesupport_fastrtps_cpp.so
[1.725s] -- Up-to-date: /home/xavier/ExoMy_Software/install/exomy_msgs/include/exomy_msgs
[1.725s] -- Up-to-date: /home/xavier/ExoMy_Software/install/exomy_msgs/include/exomy_msgs/msg
[1.725s] -- Up-to-date: /home/xavier/ExoMy_Software/install/exomy_msgs/include/exomy_msgs/msg/rosidl_typesupport_introspection_c__visibility_control.h
[1.726s] -- Up-to-date: /home/xavier/ExoMy_Software/install/exomy_msgs/include/exomy_msgs/msg/detail
[1.726s] -- Up-to-date: /home/xavier/ExoMy_Software/install/exomy_msgs/include/exomy_msgs/msg/detail/actions__rosidl_typesupport_introspection_c.h
[1.726s] -- Up-to-date: /home/xavier/ExoMy_Software/install/exomy_msgs/include/exomy_msgs/msg/detail/motor_commands__rosidl_typesupport_introspection_c.h
[1.727s] -- Up-to-date: /home/xavier/ExoMy_Software/install/exomy_msgs/include/exomy_msgs/msg/detail/actions__type_support.c
[1.727s] -- Up-to-date: /home/xavier/ExoMy_Software/install/exomy_msgs/include/exomy_msgs/msg/detail/camera_data__type_support.c
[1.728s] -- Up-to-date: /home/xavier/ExoMy_Software/install/exomy_msgs/include/exomy_msgs/msg/detail/motor_commands__type_support.c
[1.728s] -- Up-to-date: /home/xavier/ExoMy_Software/install/exomy_msgs/include/exomy_msgs/msg/detail/camera_data__rosidl_typesupport_introspection_c.h
[1.728s] -- Up-to-date: /home/xavier/ExoMy_Software/install/exomy_msgs/lib/libexomy_msgs__rosidl_typesupport_introspection_c.so
[1.728s] -- Up-to-date: /home/xavier/ExoMy_Software/install/exomy_msgs/lib/libexomy_msgs__rosidl_typesupport_c.so
[1.729s] -- Up-to-date: /home/xavier/ExoMy_Software/install/exomy_msgs/include/exomy_msgs
[1.729s] -- Up-to-date: /home/xavier/ExoMy_Software/install/exomy_msgs/include/exomy_msgs/msg
[1.729s] -- Up-to-date: /home/xavier/ExoMy_Software/install/exomy_msgs/include/exomy_msgs/msg/camera_data.hpp
[1.730s] -- Up-to-date: /home/xavier/ExoMy_Software/install/exomy_msgs/include/exomy_msgs/msg/detail
[1.730s] -- Up-to-date: /home/xavier/ExoMy_Software/install/exomy_msgs/include/exomy_msgs/msg/detail/camera_data__struct.hpp
[1.730s] -- Up-to-date: /home/xavier/ExoMy_Software/install/exomy_msgs/include/exomy_msgs/msg/detail/motor_commands__struct.hpp
[1.730s] -- Up-to-date: /home/xavier/ExoMy_Software/install/exomy_msgs/include/exomy_msgs/msg/detail/camera_data__traits.hpp
[1.731s] -- Up-to-date: /home/xavier/ExoMy_Software/install/exomy_msgs/include/exomy_msgs/msg/detail/actions__builder.hpp
[1.731s] -- Up-to-date: /home/xavier/ExoMy_Software/install/exomy_msgs/include/exomy_msgs/msg/detail/camera_data__builder.hpp
[1.731s] -- Up-to-date: /home/xavier/ExoMy_Software/install/exomy_msgs/include/exomy_msgs/msg/detail/actions__traits.hpp
[1.731s] -- Up-to-date: /home/xavier/ExoMy_Software/install/exomy_msgs/include/exomy_msgs/msg/detail/actions__struct.hpp
[1.732s] -- Up-to-date: /home/xavier/ExoMy_Software/install/exomy_msgs/include/exomy_msgs/msg/detail/motor_commands__builder.hpp
[1.732s] -- Up-to-date: /home/xavier/ExoMy_Software/install/exomy_msgs/include/exomy_msgs/msg/detail/motor_commands__traits.hpp
[1.732s] -- Up-to-date: /home/xavier/ExoMy_Software/install/exomy_msgs/include/exomy_msgs/msg/actions.hpp
[1.732s] -- Up-to-date: /home/xavier/ExoMy_Software/install/exomy_msgs/include/exomy_msgs/msg/motor_commands.hpp
[1.733s] -- Up-to-date: /home/xavier/ExoMy_Software/install/exomy_msgs/include/exomy_msgs
[1.733s] -- Up-to-date: /home/xavier/ExoMy_Software/install/exomy_msgs/include/exomy_msgs/msg
[1.733s] -- Up-to-date: /home/xavier/ExoMy_Software/install/exomy_msgs/include/exomy_msgs/msg/detail
[1.733s] -- Up-to-date: /home/xavier/ExoMy_Software/install/exomy_msgs/include/exomy_msgs/msg/detail/camera_data__type_support.cpp
[1.734s] -- Up-to-date: /home/xavier/ExoMy_Software/install/exomy_msgs/include/exomy_msgs/msg/detail/actions__rosidl_typesupport_introspection_cpp.hpp
[1.734s] -- Up-to-date: /home/xavier/ExoMy_Software/install/exomy_msgs/include/exomy_msgs/msg/detail/actions__type_support.cpp
[1.734s] -- Up-to-date: /home/xavier/ExoMy_Software/install/exomy_msgs/include/exomy_msgs/msg/detail/camera_data__rosidl_typesupport_introspection_cpp.hpp
[1.734s] -- Up-to-date: /home/xavier/ExoMy_Software/install/exomy_msgs/include/exomy_msgs/msg/detail/motor_commands__rosidl_typesupport_introspection_cpp.hpp
[1.735s] -- Up-to-date: /home/xavier/ExoMy_Software/install/exomy_msgs/include/exomy_msgs/msg/detail/motor_commands__type_support.cpp
[1.735s] -- Up-to-date: /home/xavier/ExoMy_Software/install/exomy_msgs/lib/libexomy_msgs__rosidl_typesupport_introspection_cpp.so
[1.735s] -- Up-to-date: /home/xavier/ExoMy_Software/install/exomy_msgs/lib/libexomy_msgs__rosidl_typesupport_cpp.so
[1.735s] -- Up-to-date: /home/xavier/ExoMy_Software/install/exomy_msgs/share/exomy_msgs/environment/pythonpath.sh
[1.736s] -- Up-to-date: /home/xavier/ExoMy_Software/install/exomy_msgs/share/exomy_msgs/environment/pythonpath.dsv
[1.736s] -- Up-to-date: /home/xavier/ExoMy_Software/install/exomy_msgs/lib/python3.8/site-packages/exomy_msgs/__init__.py
[2.034s] -- Up-to-date: /home/xavier/ExoMy_Software/install/exomy_msgs/lib/python3.8/site-packages/exomy_msgs/msg
[2.034s] -- Up-to-date: /home/xavier/ExoMy_Software/install/exomy_msgs/lib/python3.8/site-packages/exomy_msgs/msg/_motor_commands.py
[2.034s] -- Up-to-date: /home/xavier/ExoMy_Software/install/exomy_msgs/lib/python3.8/site-packages/exomy_msgs/msg/_actions.py
[2.035s] -- Up-to-date: /home/xavier/ExoMy_Software/install/exomy_msgs/lib/python3.8/site-packages/exomy_msgs/msg/__init__.py
[2.035s] -- Up-to-date: /home/xavier/ExoMy_Software/install/exomy_msgs/lib/python3.8/site-packages/exomy_msgs/msg/_actions_s.c
[2.036s] -- Up-to-date: /home/xavier/ExoMy_Software/install/exomy_msgs/lib/python3.8/site-packages/exomy_msgs/msg/_camera_data.py
[2.036s] -- Up-to-date: /home/xavier/ExoMy_Software/install/exomy_msgs/lib/python3.8/site-packages/exomy_msgs/msg/_camera_data_s.c
[2.036s] -- Up-to-date: /home/xavier/ExoMy_Software/install/exomy_msgs/lib/python3.8/site-packages/exomy_msgs/msg/_motor_commands_s.c
[2.036s] -- Up-to-date: /home/xavier/ExoMy_Software/install/exomy_msgs/lib/python3.8/site-packages/exomy_msgs/exomy_msgs_s__rosidl_typesupport_fastrtps_c.cpython-38-aarch64-linux-gnu.so
[2.037s] -- Up-to-date: /home/xavier/ExoMy_Software/install/exomy_msgs/lib/python3.8/site-packages/exomy_msgs/exomy_msgs_s__rosidl_typesupport_introspection_c.cpython-38-aarch64-linux-gnu.so
[2.041s] -- Up-to-date: /home/xavier/ExoMy_Software/install/exomy_msgs/lib/python3.8/site-packages/exomy_msgs/exomy_msgs_s__rosidl_typesupport_c.cpython-38-aarch64-linux-gnu.so
[2.043s] -- Up-to-date: /home/xavier/ExoMy_Software/install/exomy_msgs/lib/libexomy_msgs__python.so
[2.044s] -- Up-to-date: /home/xavier/ExoMy_Software/install/exomy_msgs/share/exomy_msgs/msg/Actions.idl
[2.045s] -- Up-to-date: /home/xavier/ExoMy_Software/install/exomy_msgs/share/exomy_msgs/msg/CameraData.idl
[2.046s] -- Up-to-date: /home/xavier/ExoMy_Software/install/exomy_msgs/share/exomy_msgs/msg/MotorCommands.idl
[2.047s] -- Up-to-date: /home/xavier/ExoMy_Software/install/exomy_msgs/share/exomy_msgs/msg/Actions.msg
[2.047s] -- Up-to-date: /home/xavier/ExoMy_Software/install/exomy_msgs/share/exomy_msgs/msg/CameraData.msg
[2.048s] -- Up-to-date: /home/xavier/ExoMy_Software/install/exomy_msgs/share/exomy_msgs/msg/MotorCommands.msg
[2.048s] -- Up-to-date: /home/xavier/ExoMy_Software/install/exomy_msgs/share/ament_index/resource_index/package_run_dependencies/exomy_msgs
[2.049s] -- Up-to-date: /home/xavier/ExoMy_Software/install/exomy_msgs/share/ament_index/resource_index/parent_prefix_path/exomy_msgs
[2.049s] -- Up-to-date: /home/xavier/ExoMy_Software/install/exomy_msgs/share/exomy_msgs/environment/ament_prefix_path.sh
[2.049s] -- Up-to-date: /home/xavier/ExoMy_Software/install/exomy_msgs/share/exomy_msgs/environment/ament_prefix_path.dsv
[2.050s] -- Up-to-date: /home/xavier/ExoMy_Software/install/exomy_msgs/share/exomy_msgs/environment/path.sh
[2.050s] -- Up-to-date: /home/xavier/ExoMy_Software/install/exomy_msgs/share/exomy_msgs/environment/path.dsv
[2.051s] -- Up-to-date: /home/xavier/ExoMy_Software/install/exomy_msgs/share/exomy_msgs/local_setup.bash
[2.051s] -- Up-to-date: /home/xavier/ExoMy_Software/install/exomy_msgs/share/exomy_msgs/local_setup.sh
[2.051s] -- Up-to-date: /home/xavier/ExoMy_Software/install/exomy_msgs/share/exomy_msgs/local_setup.zsh
[2.052s] -- Up-to-date: /home/xavier/ExoMy_Software/install/exomy_msgs/share/exomy_msgs/local_setup.dsv
[2.052s] -- Installing: /home/xavier/ExoMy_Software/install/exomy_msgs/share/exomy_msgs/package.dsv
[2.053s] -- Up-to-date: /home/xavier/ExoMy_Software/install/exomy_msgs/share/ament_index/resource_index/packages/exomy_msgs
[2.053s] -- Up-to-date: /home/xavier/ExoMy_Software/install/exomy_msgs/share/exomy_msgs/cmake/exomy_msgs__rosidl_generator_cExport.cmake
[2.054s] -- Up-to-date: /home/xavier/ExoMy_Software/install/exomy_msgs/share/exomy_msgs/cmake/exomy_msgs__rosidl_generator_cExport-noconfig.cmake
[2.054s] -- Up-to-date: /home/xavier/ExoMy_Software/install/exomy_msgs/share/exomy_msgs/cmake/exomy_msgs__rosidl_typesupport_introspection_cExport.cmake
[2.054s] -- Up-to-date: /home/xavier/ExoMy_Software/install/exomy_msgs/share/exomy_msgs/cmake/exomy_msgs__rosidl_typesupport_introspection_cExport-noconfig.cmake
[2.055s] -- Up-to-date: /home/xavier/ExoMy_Software/install/exomy_msgs/share/exomy_msgs/cmake/exomy_msgs__rosidl_typesupport_cExport.cmake
[2.055s] -- Up-to-date: /home/xavier/ExoMy_Software/install/exomy_msgs/share/exomy_msgs/cmake/exomy_msgs__rosidl_typesupport_cExport-noconfig.cmake
[2.055s] -- Up-to-date: /home/xavier/ExoMy_Software/install/exomy_msgs/share/exomy_msgs/cmake/exomy_msgs__rosidl_generator_cppExport.cmake
[2.056s] -- Up-to-date: /home/xavier/ExoMy_Software/install/exomy_msgs/share/exomy_msgs/cmake/exomy_msgs__rosidl_typesupport_introspection_cppExport.cmake
[2.056s] -- Up-to-date: /home/xavier/ExoMy_Software/install/exomy_msgs/share/exomy_msgs/cmake/exomy_msgs__rosidl_typesupport_introspection_cppExport-noconfig.cmake
[2.057s] -- Up-to-date: /home/xavier/ExoMy_Software/install/exomy_msgs/share/exomy_msgs/cmake/exomy_msgs__rosidl_typesupport_cppExport.cmake
[2.057s] -- Up-to-date: /home/xavier/ExoMy_Software/install/exomy_msgs/share/exomy_msgs/cmake/exomy_msgs__rosidl_typesupport_cppExport-noconfig.cmake
[2.057s] -- Up-to-date: /home/xavier/ExoMy_Software/install/exomy_msgs/share/exomy_msgs/cmake/rosidl_cmake-extras.cmake
[2.058s] -- Up-to-date: /home/xavier/ExoMy_Software/install/exomy_msgs/share/exomy_msgs/cmake/ament_cmake_export_dependencies-extras.cmake
[2.058s] -- Up-to-date: /home/xavier/ExoMy_Software/install/exomy_msgs/share/exomy_msgs/cmake/ament_cmake_export_libraries-extras.cmake
[2.058s] -- Up-to-date: /home/xavier/ExoMy_Software/install/exomy_msgs/share/exomy_msgs/cmake/ament_cmake_export_targets-extras.cmake
[2.058s] -- Up-to-date: /home/xavier/ExoMy_Software/install/exomy_msgs/share/exomy_msgs/cmake/ament_cmake_export_include_directories-extras.cmake
[2.059s] -- Up-to-date: /home/xavier/ExoMy_Software/install/exomy_msgs/share/exomy_msgs/cmake/rosidl_cmake_export_typesupport_libraries-extras.cmake
[2.059s] -- Up-to-date: /home/xavier/ExoMy_Software/install/exomy_msgs/share/exomy_msgs/cmake/rosidl_cmake_export_typesupport_targets-extras.cmake
[2.059s] -- Up-to-date: /home/xavier/ExoMy_Software/install/exomy_msgs/share/exomy_msgs/cmake/exomy_msgsConfig.cmake
[2.059s] -- Up-to-date: /home/xavier/ExoMy_Software/install/exomy_msgs/share/exomy_msgs/cmake/exomy_msgsConfig-version.cmake
[2.060s] -- Up-to-date: /home/xavier/ExoMy_Software/install/exomy_msgs/share/exomy_msgs/package.xml
[2.067s] Invoked command in '/home/xavier/ExoMy_Software/build/exomy_msgs' returned '0': CMAKE_PREFIX_PATH=${CMAKE_PREFIX_PATH}:/home/xavier/sensor_msgs_py/install/sensor_msgs_py:/home/xavier/ExoMy_Software/install/exomy:/opt/ros/foxy /usr/bin/cmake --install /home/xavier/ExoMy_Software/build/exomy_msgs
